warning: [options] bootstrap class path not set in conjunction with -source 7
warning: [options] source value 7 is obsolete and will be removed in a future release
warning: [options] target value 7 is obsolete and will be removed in a future release
warning: [options] To suppress warnings about obsolete options, use -Xlint:-options.
[parsing started SimpleFileObject[/Users/cgamboa/git/junit4/src/main/java/junit/extensions/RepeatedTest.java]]
[parsing completed 9ms]
[parsing started SimpleFileObject[/Users/cgamboa/git/junit4/src/main/java/org/junit/experimental/theories/suppliers/TestedOn.java]]
[parsing completed 0ms]
[parsing started SimpleFileObject[/Users/cgamboa/git/junit4/src/main/java/org/junit/runner/manipulation/Orderable.java]]
[parsing completed 1ms]
[parsing started SimpleFileObject[/Users/cgamboa/git/junit4/src/main/java/junit/runner/TestRunListener.java]]
[parsing completed 0ms]
[parsing started SimpleFileObject[/Users/cgamboa/git/junit4/src/main/java/org/junit/experimental/theories/suppliers/TestedOnSupplier.java]]
[parsing completed 1ms]
[parsing started SimpleFileObject[/Users/cgamboa/git/junit4/src/main/java/org/junit/experimental/categories/ExcludeCategories.java]]
[parsing completed 1ms]
[parsing started SimpleFileObject[/Users/cgamboa/git/junit4/src/main/java/org/junit/runners/model/RunnerScheduler.java]]
[parsing completed 0ms]
[parsing started SimpleFileObject[/Users/cgamboa/git/junit4/src/main/java/org/junit/rules/ExpectedExceptionMatcherBuilder.java]]
[parsing completed 0ms]
[parsing started SimpleFileObject[/Users/cgamboa/git/junit4/src/main/java/org/junit/runners/parameterized/TestWithParameters.java]]
[parsing completed 1ms]
[parsing started SimpleFileObject[/Users/cgamboa/git/junit4/src/main/java/org/junit/AfterClass.java]]
[parsing completed 0ms]
[parsing started SimpleFileObject[/Users/cgamboa/git/junit4/src/main/java/org/junit/validator/ValidateWith.java]]
[parsing completed 1ms]
[parsing started SimpleFileObject[/Users/cgamboa/git/junit4/src/main/java/org/junit/internal/management/ManagementFactory.java]]
[parsing completed 1ms]
[parsing started SimpleFileObject[/Users/cgamboa/git/junit4/src/main/java/org/junit/internal/runners/statements/InvokeMethod.java]]
[parsing completed 0ms]
[parsing started SimpleFileObject[/Users/cgamboa/git/junit4/src/main/java/org/junit/internal/runners/model/ReflectiveCallable.java]]
[parsing completed 0ms]
[parsing started SimpleFileObject[/Users/cgamboa/git/junit4/src/main/java/org/junit/internal/ComparisonCriteria.java]]
[parsing completed 1ms]
[parsing started SimpleFileObject[/Users/cgamboa/git/junit4/src/main/java/org/junit/internal/runners/JUnit38ClassRunner.java]]
[parsing completed 1ms]
[parsing started SimpleFileObject[/Users/cgamboa/git/junit4/src/main/java/org/junit/internal/requests/SortingRequest.java]]
[parsing completed 0ms]
[parsing started SimpleFileObject[/Users/cgamboa/git/junit4/src/main/java/org/junit/internal/runners/ClassRoadie.java]]
[parsing completed 1ms]
[parsing started SimpleFileObject[/Users/cgamboa/git/junit4/src/main/java/org/junit/runner/manipulation/InvalidOrderingException.java]]
[parsing completed 0ms]
[parsing started SimpleFileObject[/Users/cgamboa/git/junit4/src/main/java/org/junit/internal/management/FakeThreadMXBean.java]]
[parsing completed 0ms]
[parsing started SimpleFileObject[/Users/cgamboa/git/junit4/src/main/java/junit/extensions/TestSetup.java]]
[parsing completed 0ms]
[parsing started SimpleFileObject[/Users/cgamboa/git/junit4/src/main/java/org/junit/runners/model/Annotatable.java]]
[parsing completed 1ms]
[parsing started SimpleFileObject[/Users/cgamboa/git/junit4/src/main/java/org/junit/runners/model/FrameworkMember.java]]
[parsing completed 0ms]
[parsing started SimpleFileObject[/Users/cgamboa/git/junit4/src/main/java/junit/runner/Version.java]]
[parsing completed 1ms]
[parsing started SimpleFileObject[/Users/cgamboa/git/junit4/src/main/java/org/junit/internal/MethodSorter.java]]
[parsing completed 0ms]
[parsing started SimpleFileObject[/Users/cgamboa/git/junit4/src/main/java/junit/framework/JUnit4TestAdapterCache.java]]
[parsing completed 27ms]
[parsing started SimpleFileObject[/Users/cgamboa/git/junit4/src/main/java/org/junit/internal/runners/JUnit4ClassRunner.java]]
[parsing completed 1ms]
[parsing started SimpleFileObject[/Users/cgamboa/git/junit4/src/main/java/org/junit/runners/BlockJUnit4ClassRunner.java]]
[parsing completed 3ms]
[parsing started SimpleFileObject[/Users/cgamboa/git/junit4/src/main/java/org/junit/rules/RunRules.java]]
[parsing completed 0ms]
[parsing started SimpleFileObject[/Users/cgamboa/git/junit4/src/main/java/junit/framework/ComparisonCompactor.java]]
[parsing completed 1ms]
[parsing started SimpleFileObject[/Users/cgamboa/git/junit4/src/main/java/junit/framework/TestListener.java]]
[parsing completed 0ms]
[parsing started SimpleFileObject[/Users/cgamboa/git/junit4/src/main/java/org/junit/runner/FilterFactories.java]]
[parsing completed 6ms]
[parsing started SimpleFileObject[/Users/cgamboa/git/junit4/src/main/java/org/junit/runners/ParentRunner.java]]
[parsing completed 4ms]
[parsing started SimpleFileObject[/Users/cgamboa/git/junit4/src/main/java/org/junit/internal/requests/FilterRequest.java]]
[parsing completed 0ms]
[parsing started SimpleFileObject[/Users/cgamboa/git/junit4/src/main/java/org/junit/internal/builders/IgnoredBuilder.java]]
[parsing completed 0ms]
[parsing started SimpleFileObject[/Users/cgamboa/git/junit4/src/main/java/org/junit/runner/Result.java]]
[parsing completed 1ms]
[parsing started SimpleFileObject[/Users/cgamboa/git/junit4/src/main/java/org/junit/runners/parameterized/BlockJUnit4ClassRunnerWithParameters.java]]
[parsing completed 15ms]
[parsing started SimpleFileObject[/Users/cgamboa/git/junit4/src/main/java/org/junit/Assume.java]]
[parsing completed 2ms]
[parsing started SimpleFileObject[/Users/cgamboa/git/junit4/src/main/java/org/junit/experimental/theories/internal/BooleanSupplier.java]]
[parsing completed 0ms]
[parsing started SimpleFileObject[/Users/cgamboa/git/junit4/src/main/java/org/junit/experimental/results/FailureList.java]]
[parsing completed 0ms]
[parsing started SimpleFileObject[/Users/cgamboa/git/junit4/src/main/java/org/junit/internal/runners/ErrorReportingRunner.java]]
[parsing completed 1ms]
[parsing started SimpleFileObject[/Users/cgamboa/git/junit4/src/main/java/org/junit/internal/RealSystem.java]]
[parsing completed 1ms]
[parsing started SimpleFileObject[/Users/cgamboa/git/junit4/src/main/java/org/junit/experimental/ParallelComputer.java]]
[parsing completed 0ms]
[parsing started SimpleFileObject[/Users/cgamboa/git/junit4/src/main/java/org/junit/internal/SerializableMatcherDescription.java]]
[parsing completed 1ms]
[parsing started SimpleFileObject[/Users/cgamboa/git/junit4/src/main/java/org/junit/experimental/theories/PotentialAssignment.java]]
[parsing completed 0ms]
[parsing started SimpleFileObject[/Users/cgamboa/git/junit4/src/main/java/junit/extensions/package-info.java]]
[parsing completed 0ms]
[parsing started SimpleFileObject[/Users/cgamboa/git/junit4/src/main/java/junit/framework/Protectable.java]]
[parsing completed 0ms]
[parsing started SimpleFileObject[/Users/cgamboa/git/junit4/src/main/java/org/junit/runner/notification/RunListener.java]]
[parsing completed 0ms]
[parsing started SimpleFileObject[/Users/cgamboa/git/junit4/src/main/java/org/junit/experimental/max/MaxCore.java]]
[parsing completed 1ms]
[parsing started SimpleFileObject[/Users/cgamboa/git/junit4/src/main/java/org/junit/internal/SerializableValueDescription.java]]
[parsing completed 0ms]
[parsing started SimpleFileObject[/Users/cgamboa/git/junit4/src/main/java/org/junit/experimental/theories/Theories.java]]
[parsing completed 1ms]
[parsing started SimpleFileObject[/Users/cgamboa/git/junit4/src/main/java/org/junit/runner/RunWith.java]]
[parsing completed 0ms]
[parsing started SimpleFileObject[/Users/cgamboa/git/junit4/src/main/java/org/junit/internal/JUnitSystem.java]]
[parsing completed 0ms]
[parsing started SimpleFileObject[/Users/cgamboa/git/junit4/src/main/java/org/junit/rules/TestWatchman.java]]
[parsing completed 1ms]
[parsing started SimpleFileObject[/Users/cgamboa/git/junit4/src/main/java/org/junit/ClassRule.java]]
[parsing completed 1ms]
[parsing started SimpleFileObject[/Users/cgamboa/git/junit4/src/main/java/org/junit/FixMethodOrder.java]]
[parsing completed 0ms]
[parsing started SimpleFileObject[/Users/cgamboa/git/junit4/src/main/java/org/junit/runners/model/Statement.java]]
[parsing completed 0ms]
[parsing started SimpleFileObject[/Users/cgamboa/git/junit4/src/main/java/org/junit/experimental/theories/ParametersSuppliedBy.java]]
[parsing completed 0ms]
[parsing started SimpleFileObject[/Users/cgamboa/git/junit4/src/main/java/org/junit/rules/TestRule.java]]
[parsing completed 1ms]
[parsing started SimpleFileObject[/Users/cgamboa/git/junit4/src/main/java/org/junit/experimental/categories/CategoryFilterFactory.java]]
[parsing completed 0ms]
[parsing started SimpleFileObject[/Users/cgamboa/git/junit4/src/main/java/org/junit/internal/management/FakeRuntimeMXBean.java]]
[parsing completed 0ms]
[parsing started SimpleFileObject[/Users/cgamboa/git/junit4/src/main/java/org/junit/experimental/categories/CategoryValidator.java]]
[parsing completed 0ms]
[parsing started SimpleFileObject[/Users/cgamboa/git/junit4/src/main/java/org/junit/internal/runners/model/MultipleFailureException.java]]
[parsing completed 0ms]
[parsing started SimpleFileObject[/Users/cgamboa/git/junit4/src/main/java/org/junit/runners/model/RunnerBuilder.java]]
[parsing completed 0ms]
[parsing started SimpleFileObject[/Users/cgamboa/git/junit4/src/main/java/junit/runner/package-info.java]]
[parsing completed 0ms]
[parsing started SimpleFileObject[/Users/cgamboa/git/junit4/src/main/java/org/junit/internal/runners/statements/FailOnTimeout.java]]
[parsing completed 1ms]
[parsing started SimpleFileObject[/Users/cgamboa/git/junit4/src/main/java/org/junit/experimental/theories/DataPoints.java]]
[parsing completed 1ms]
[parsing started SimpleFileObject[/Users/cgamboa/git/junit4/src/main/java/org/junit/internal/runners/MethodValidator.java]]
[parsing completed 0ms]
[parsing started SimpleFileObject[/Users/cgamboa/git/junit4/src/main/java/org/junit/runners/parameterized/ParametersRunnerFactory.java]]
[parsing completed 0ms]
[parsing started SimpleFileObject[/Users/cgamboa/git/junit4/src/main/java/org/junit/internal/management/ThreadMXBean.java]]
[parsing completed 0ms]
[parsing started SimpleFileObject[/Users/cgamboa/git/junit4/src/main/java/org/junit/rules/ErrorCollector.java]]
[parsing completed 0ms]
[parsing started SimpleFileObject[/Users/cgamboa/git/junit4/src/main/java/org/junit/internal/requests/MemoizingRequest.java]]
[parsing completed 1ms]
[parsing started SimpleFileObject[/Users/cgamboa/git/junit4/src/main/java/org/junit/experimental/theories/internal/Assignments.java]]
[parsing completed 0ms]
[parsing started SimpleFileObject[/Users/cgamboa/git/junit4/src/main/java/org/junit/validator/AnnotationValidatorFactory.java]]
[parsing completed 0ms]
[parsing started SimpleFileObject[/Users/cgamboa/git/junit4/src/main/java/org/junit/runner/manipulation/Sortable.java]]
[parsing completed 0ms]
[parsing started SimpleFileObject[/Users/cgamboa/git/junit4/src/main/java/org/junit/internal/management/RuntimeMXBean.java]]
[parsing completed 0ms]
[parsing started SimpleFileObject[/Users/cgamboa/git/junit4/src/main/java/org/junit/runner/notification/Failure.java]]
[parsing completed 0ms]
[parsing started SimpleFileObject[/Users/cgamboa/git/junit4/src/main/java/org/junit/experimental/theories/DataPoint.java]]
[parsing completed 1ms]
[parsing started SimpleFileObject[/Users/cgamboa/git/junit4/src/main/java/org/junit/experimental/theories/internal/EnumSupplier.java]]
[parsing completed 0ms]
[parsing started SimpleFileObject[/Users/cgamboa/git/junit4/src/main/java/org/junit/experimental/categories/Category.java]]
[parsing completed 0ms]
[parsing started SimpleFileObject[/Users/cgamboa/git/junit4/src/main/java/org/junit/rules/Timeout.java]]
[parsing completed 1ms]
[parsing started SimpleFileObject[/Users/cgamboa/git/junit4/src/main/java/org/junit/runners/model/TestClass.java]]
[parsing completed 1ms]
[parsing started SimpleFileObject[/Users/cgamboa/git/junit4/src/main/java/junit/framework/package-info.java]]
[parsing completed 0ms]
[parsing started SimpleFileObject[/Users/cgamboa/git/junit4/src/main/java/org/junit/runners/model/NoGenericTypeParametersValidator.java]]
[parsing completed 0ms]
[parsing started SimpleFileObject[/Users/cgamboa/git/junit4/src/main/java/org/junit/internal/runners/rules/RuleMemberValidator.java]]
[parsing completed 0ms]
[parsing started SimpleFileObject[/Users/cgamboa/git/junit4/src/main/java/org/junit/experimental/categories/IncludeCategories.java]]
[parsing completed 1ms]
[parsing started SimpleFileObject[/Users/cgamboa/git/junit4/src/main/java/org/junit/runner/Request.java]]
[parsing completed 0ms]
[parsing started SimpleFileObject[/Users/cgamboa/git/junit4/src/main/java/org/junit/internal/matchers/StacktracePrintingMatcher.java]]
[parsing completed 1ms]
[parsing started SimpleFileObject[/Users/cgamboa/git/junit4/src/main/java/org/junit/internal/ArrayComparisonFailure.java]]
[parsing completed 0ms]
[parsing started SimpleFileObject[/Users/cgamboa/git/junit4/src/main/java/org/junit/runner/manipulation/Alphanumeric.java]]
[parsing completed 0ms]
[parsing started SimpleFileObject[/Users/cgamboa/git/junit4/src/main/java/junit/framework/TestResult.java]]
[parsing completed 1ms]
[parsing started SimpleFileObject[/Users/cgamboa/git/junit4/src/main/java/org/junit/internal/runners/SuiteMethod.java]]
[parsing completed 0ms]
[parsing started SimpleFileObject[/Users/cgamboa/git/junit4/src/main/java/org/junit/internal/runners/InitializationError.java]]
[parsing completed 1ms]
[parsing started SimpleFileObject[/Users/cgamboa/git/junit4/src/main/java/org/junit/runner/manipulation/Sorter.java]]
[parsing completed 0ms]
[parsing started SimpleFileObject[/Users/cgamboa/git/junit4/src/main/java/org/junit/Test.java]]
[parsing completed 0ms]
[parsing started SimpleFileObject[/Users/cgamboa/git/junit4/src/main/java/org/junit/experimental/theories/Theory.java]]
[parsing completed 1ms]
[parsing started SimpleFileObject[/Users/cgamboa/git/junit4/src/main/java/org/junit/rules/RuleChain.java]]
[parsing completed 0ms]
[parsing started SimpleFileObject[/Users/cgamboa/git/junit4/src/main/java/org/junit/rules/DisableOnDebug.java]]
[parsing completed 0ms]
[parsing started SimpleFileObject[/Users/cgamboa/git/junit4/src/main/java/org/junit/internal/builders/AllDefaultPossibilitiesBuilder.java]]
[parsing completed 0ms]
[parsing started SimpleFileObject[/Users/cgamboa/git/junit4/src/main/java/org/junit/experimental/runners/Enclosed.java]]
[parsing completed 0ms]
[parsing started SimpleFileObject[/Users/cgamboa/git/junit4/src/main/java/org/junit/runner/OrderWithValidator.java]]
[parsing completed 0ms]
[parsing started SimpleFileObject[/Users/cgamboa/git/junit4/src/main/java/junit/framework/JUnit4TestAdapter.java]]
[parsing completed 1ms]
[parsing started SimpleFileObject[/Users/cgamboa/git/junit4/src/main/java/org/junit/internal/builders/JUnit4Builder.java]]
[parsing completed 0ms]
[parsing started SimpleFileObject[/Users/cgamboa/git/junit4/src/main/java/org/junit/experimental/theories/ParameterSignature.java]]
[parsing completed 0ms]
[parsing started SimpleFileObject[/Users/cgamboa/git/junit4/src/main/java/org/junit/runners/model/FrameworkMethod.java]]
[parsing completed 0ms]
[parsing started SimpleFileObject[/Users/cgamboa/git/junit4/src/main/java/junit/framework/TestFailure.java]]
[parsing completed 0ms]
[parsing started SimpleFileObject[/Users/cgamboa/git/junit4/src/main/java/org/junit/Assert.java]]
[parsing completed 2ms]
[parsing started SimpleFileObject[/Users/cgamboa/git/junit4/src/main/java/org/junit/runner/OrderWith.java]]
[parsing completed 1ms]
[parsing started SimpleFileObject[/Users/cgamboa/git/junit4/src/main/java/org/junit/internal/management/ReflectiveRuntimeMXBean.java]]
[parsing completed 0ms]
[parsing started SimpleFileObject[/Users/cgamboa/git/junit4/src/main/java/org/junit/Before.java]]
[parsing completed 0ms]
[parsing started SimpleFileObject[/Users/cgamboa/git/junit4/src/main/java/org/junit/matchers/package-info.java]]
[parsing completed 0ms]
[parsing started SimpleFileObject[/Users/cgamboa/git/junit4/src/main/java/org/junit/experimental/max/CouldNotReadCoreException.java]]
[parsing completed 1ms]
[parsing started SimpleFileObject[/Users/cgamboa/git/junit4/src/main/java/org/junit/internal/InexactComparisonCriteria.java]]
[parsing completed 0ms]
[parsing started SimpleFileObject[/Users/cgamboa/git/junit4/src/main/java/org/junit/runners/package-info.java]]
[parsing completed 0ms]
[parsing started SimpleFileObject[/Users/cgamboa/git/junit4/src/main/java/junit/textui/package-info.java]]
[parsing completed 0ms]
[parsing started SimpleFileObject[/Users/cgamboa/git/junit4/src/main/java/org/junit/validator/AnnotationValidator.java]]
[parsing completed 0ms]
[parsing started SimpleFileObject[/Users/cgamboa/git/junit4/src/main/java/org/junit/internal/runners/statements/RunAfters.java]]
[parsing completed 0ms]
[parsing started SimpleFileObject[/Users/cgamboa/git/junit4/src/main/java/junit/framework/TestCase.java]]
[parsing completed 1ms]
[parsing started SimpleFileObject[/Users/cgamboa/git/junit4/src/main/java/org/junit/runners/parameterized/BlockJUnit4ClassRunnerWithParametersFactory.java]]
[parsing completed 0ms]
[parsing started SimpleFileObject[/Users/cgamboa/git/junit4/src/main/java/junit/framework/Test.java]]
[parsing completed 0ms]
[parsing started SimpleFileObject[/Users/cgamboa/git/junit4/src/main/java/org/junit/runner/manipulation/package-info.java]]
[parsing completed 0ms]
[parsing started SimpleFileObject[/Users/cgamboa/git/junit4/src/main/java/org/junit/validator/AnnotationsValidator.java]]
[parsing completed 2ms]
[parsing started SimpleFileObject[/Users/cgamboa/git/junit4/src/main/java/org/junit/internal/builders/AnnotatedBuilder.java]]
[parsing completed 0ms]
[parsing started SimpleFileObject[/Users/cgamboa/git/junit4/src/main/java/org/junit/experimental/theories/ParameterSupplier.java]]
[parsing completed 0ms]
[parsing started SimpleFileObject[/Users/cgamboa/git/junit4/src/main/java/org/junit/runner/JUnitCommandLineParseResult.java]]
[parsing completed 1ms]
[parsing started SimpleFileObject[/Users/cgamboa/git/junit4/src/main/java/org/junit/internal/runners/rules/ValidationError.java]]
[parsing completed 0ms]
[parsing started SimpleFileObject[/Users/cgamboa/git/junit4/src/main/java/org/junit/internal/matchers/ThrowableCauseMatcher.java]]
[parsing completed 1ms]
[parsing started SimpleFileObject[/Users/cgamboa/git/junit4/src/main/java/org/junit/internal/runners/FailedBefore.java]]
[parsing completed 0ms]
[parsing started SimpleFileObject[/Users/cgamboa/git/junit4/src/main/java/org/junit/runners/MethodSorters.java]]
[parsing completed 0ms]
[parsing started SimpleFileObject[/Users/cgamboa/git/junit4/src/main/java/junit/framework/ComparisonFailure.java]]
[parsing completed 0ms]
[parsing started SimpleFileObject[/Users/cgamboa/git/junit4/src/main/java/org/junit/runner/manipulation/NoTestsRemainException.java]]
[parsing completed 0ms]
[parsing started SimpleFileObject[/Users/cgamboa/git/junit4/src/main/java/org/junit/experimental/max/MaxHistory.java]]
[parsing completed 0ms]
[parsing started SimpleFileObject[/Users/cgamboa/git/junit4/src/main/java/org/junit/runner/notification/StoppedByUserException.java]]
[parsing completed 0ms]
[parsing started SimpleFileObject[/Users/cgamboa/git/junit4/src/main/java/org/junit/runner/notification/SynchronizedRunListener.java]]
[parsing completed 0ms]
[parsing started SimpleFileObject[/Users/cgamboa/git/junit4/src/main/java/org/junit/internal/runners/TestMethod.java]]
[parsing completed 1ms]
[parsing started SimpleFileObject[/Users/cgamboa/git/junit4/src/main/java/org/junit/validator/PublicClassValidator.java]]
[parsing completed 0ms]
[parsing started SimpleFileObject[/Users/cgamboa/git/junit4/src/main/java/org/junit/internal/Classes.java]]
[parsing completed 0ms]
[parsing started SimpleFileObject[/Users/cgamboa/git/junit4/src/main/java/org/junit/runner/FilterFactoryParams.java]]
[parsing completed 0ms]
[parsing started SimpleFileObject[/Users/cgamboa/git/junit4/src/main/java/org/junit/internal/TextListener.java]]
[parsing completed 1ms]
[parsing started SimpleFileObject[/Users/cgamboa/git/junit4/src/main/java/org/junit/experimental/theories/FromDataPoints.java]]
[parsing completed 0ms]
[parsing started SimpleFileObject[/Users/cgamboa/git/junit4/src/main/java/org/junit/package-info.java]]
[parsing completed 0ms]
[parsing started SimpleFileObject[/Users/cgamboa/git/junit4/src/main/java/org/junit/rules/MethodRule.java]]
[parsing completed 0ms]
[parsing started SimpleFileObject[/Users/cgamboa/git/junit4/src/main/java/org/junit/runner/Description.java]]
[parsing completed 2ms]
[parsing started SimpleFileObject[/Users/cgamboa/git/junit4/src/main/java/org/junit/runners/RuleContainer.java]]
[parsing completed 1ms]
[parsing started SimpleFileObject[/Users/cgamboa/git/junit4/src/main/java/org/junit/experimental/theories/internal/SpecificDataPointsSupplier.java]]
[parsing completed 0ms]
[parsing started SimpleFileObject[/Users/cgamboa/git/junit4/src/main/java/org/junit/internal/requests/OrderingRequest.java]]
[parsing completed 0ms]
[parsing started SimpleFileObject[/Users/cgamboa/git/junit4/src/main/java/org/junit/function/ThrowingRunnable.java]]
[parsing completed 0ms]
[parsing started SimpleFileObject[/Users/cgamboa/git/junit4/src/main/java/org/junit/runners/model/MemberValueConsumer.java]]
[parsing completed 1ms]
[parsing started SimpleFileObject[/Users/cgamboa/git/junit4/src/main/java/junit/framework/Assert.java]]
[parsing completed 0ms]
[parsing started SimpleFileObject[/Users/cgamboa/git/junit4/src/main/java/org/junit/ComparisonFailure.java]]
[parsing completed 1ms]
[parsing started SimpleFileObject[/Users/cgamboa/git/junit4/src/main/java/org/junit/Ignore.java]]
[parsing completed 0ms]
[parsing started SimpleFileObject[/Users/cgamboa/git/junit4/src/main/java/org/junit/internal/runners/model/EachTestNotifier.java]]
[parsing completed 0ms]
[parsing started SimpleFileObject[/Users/cgamboa/git/junit4/src/main/java/org/junit/rules/ExternalResource.java]]
[parsing completed 0ms]
[parsing started SimpleFileObject[/Users/cgamboa/git/junit4/src/main/java/org/junit/After.java]]
[parsing completed 0ms]
[parsing started SimpleFileObject[/Users/cgamboa/git/junit4/src/main/java/org/junit/internal/builders/SuiteMethodBuilder.java]]
[parsing completed 0ms]
[parsing started SimpleFileObject[/Users/cgamboa/git/junit4/src/main/java/org/junit/experimental/results/ResultMatchers.java]]
[parsing completed 0ms]
[parsing started SimpleFileObject[/Users/cgamboa/git/junit4/src/main/java/org/junit/runner/manipulation/Filter.java]]
[parsing completed 0ms]
[parsing started SimpleFileObject[/Users/cgamboa/git/junit4/src/main/java/org/junit/experimental/results/PrintableResult.java]]
[parsing completed 0ms]
[parsing started SimpleFileObject[/Users/cgamboa/git/junit4/src/main/java/org/junit/BeforeClass.java]]
[parsing completed 0ms]
[parsing started SimpleFileObject[/Users/cgamboa/git/junit4/src/main/java/org/junit/internal/Throwables.java]]
[parsing completed 1ms]
[parsing started SimpleFileObject[/Users/cgamboa/git/junit4/src/main/java/org/junit/internal/matchers/ThrowableMessageMatcher.java]]
[parsing completed 1ms]
[parsing started SimpleFileObject[/Users/cgamboa/git/junit4/src/main/java/org/junit/Rule.java]]
[parsing completed 0ms]
[parsing started SimpleFileObject[/Users/cgamboa/git/junit4/src/main/java/org/junit/internal/requests/ClassRequest.java]]
[parsing completed 0ms]
[parsing started SimpleFileObject[/Users/cgamboa/git/junit4/src/main/java/junit/textui/ResultPrinter.java]]
[parsing completed 1ms]
[parsing started SimpleFileObject[/Users/cgamboa/git/junit4/src/main/java/org/junit/internal/runners/MethodRoadie.java]]
[parsing completed 0ms]
[parsing started SimpleFileObject[/Users/cgamboa/git/junit4/src/main/java/org/junit/runners/JUnit4.java]]
[parsing completed 1ms]
[parsing started SimpleFileObject[/Users/cgamboa/git/junit4/src/main/java/org/junit/matchers/JUnitMatchers.java]]
[parsing completed 0ms]
[parsing started SimpleFileObject[/Users/cgamboa/git/junit4/src/main/java/org/junit/internal/runners/statements/Fail.java]]
[parsing completed 0ms]
[parsing started SimpleFileObject[/Users/cgamboa/git/junit4/src/main/java/org/junit/internal/runners/statements/ExpectException.java]]
[parsing completed 1ms]
[parsing started SimpleFileObject[/Users/cgamboa/git/junit4/src/main/java/junit/framework/AssertionFailedError.java]]
[parsing completed 0ms]
[parsing started SimpleFileObject[/Users/cgamboa/git/junit4/src/main/java/org/junit/internal/builders/IgnoredClassRunner.java]]
[parsing completed 0ms]
[parsing started SimpleFileObject[/Users/cgamboa/git/junit4/src/main/java/org/junit/runner/notification/RunNotifier.java]]
[parsing completed 1ms]
[parsing started SimpleFileObject[/Users/cgamboa/git/junit4/src/main/java/org/junit/internal/matchers/TypeSafeMatcher.java]]
[parsing completed 0ms]
[parsing started SimpleFileObject[/Users/cgamboa/git/junit4/src/main/java/org/junit/internal/runners/statements/RunBefores.java]]
[parsing completed 0ms]
[parsing started SimpleFileObject[/Users/cgamboa/git/junit4/src/main/java/org/junit/internal/runners/package-info.java]]
[parsing completed 0ms]
[parsing started SimpleFileObject[/Users/cgamboa/git/junit4/src/main/java/org/junit/runners/AllTests.java]]
[parsing completed 0ms]
[parsing started SimpleFileObject[/Users/cgamboa/git/junit4/src/main/java/org/junit/rules/ExpectedException.java]]
[parsing completed 1ms]
[parsing started SimpleFileObject[/Users/cgamboa/git/junit4/src/main/java/org/junit/runner/manipulation/Orderer.java]]
[parsing completed 0ms]
[parsing started SimpleFileObject[/Users/cgamboa/git/junit4/src/main/java/org/junit/internal/runners/TestClass.java]]
[parsing completed 1ms]
[parsing started SimpleFileObject[/Users/cgamboa/git/junit4/src/main/java/org/junit/rules/TestName.java]]
[parsing completed 0ms]
[parsing started SimpleFileObject[/Users/cgamboa/git/junit4/src/main/java/org/junit/rules/Stopwatch.java]]
[parsing completed 1ms]
[parsing started SimpleFileObject[/Users/cgamboa/git/junit4/src/main/java/org/junit/experimental/theories/internal/ParameterizedAssertionError.java]]
[parsing completed 0ms]
[parsing started SimpleFileObject[/Users/cgamboa/git/junit4/src/main/java/org/junit/internal/Checks.java]]
[parsing completed 0ms]
[parsing started SimpleFileObject[/Users/cgamboa/git/junit4/src/main/java/org/junit/runner/Runner.java]]
[parsing completed 0ms]
[parsing started SimpleFileObject[/Users/cgamboa/git/junit4/src/main/java/org/junit/runner/Computer.java]]
[parsing completed 1ms]
[parsing started SimpleFileObject[/Users/cgamboa/git/junit4/src/main/java/org/junit/TestCouldNotBeSkippedException.java]]
[parsing completed 0ms]
[parsing started SimpleFileObject[/Users/cgamboa/git/junit4/src/main/java/org/junit/internal/management/ReflectiveThreadMXBean.java]]
[parsing completed 1ms]
[parsing started SimpleFileObject[/Users/cgamboa/git/junit4/src/main/java/junit/extensions/TestDecorator.java]]
[parsing completed 0ms]
[parsing started SimpleFileObject[/Users/cgamboa/git/junit4/src/main/java/org/junit/runner/Describable.java]]
[parsing completed 0ms]
[parsing started SimpleFileObject[/Users/cgamboa/git/junit4/src/main/java/org/junit/runner/package-info.java]]
[parsing completed 0ms]
[parsing started SimpleFileObject[/Users/cgamboa/git/junit4/src/main/java/org/junit/runner/notification/package-info.java]]
[parsing completed 0ms]
[parsing started SimpleFileObject[/Users/cgamboa/git/junit4/src/main/java/junit/runner/BaseTestRunner.java]]
[parsing completed 1ms]
[parsing started SimpleFileObject[/Users/cgamboa/git/junit4/src/main/java/org/junit/internal/builders/NullBuilder.java]]
[parsing completed 0ms]
[parsing started SimpleFileObject[/Users/cgamboa/git/junit4/src/main/java/org/junit/runners/model/FrameworkField.java]]
[parsing completed 1ms]
[parsing started SimpleFileObject[/Users/cgamboa/git/junit4/src/main/java/org/junit/runners/model/InvalidTestClassError.java]]
[parsing completed 0ms]
[parsing started SimpleFileObject[/Users/cgamboa/git/junit4/src/main/java/junit/framework/JUnit4TestCaseFacade.java]]
[parsing completed 0ms]
[parsing started SimpleFileObject[/Users/cgamboa/git/junit4/src/main/java/junit/framework/TestSuite.java]]
[parsing completed 1ms]
[parsing started SimpleFileObject[/Users/cgamboa/git/junit4/src/main/java/junit/textui/TestRunner.java]]
[parsing completed 0ms]
[parsing started SimpleFileObject[/Users/cgamboa/git/junit4/src/main/java/org/junit/runners/model/TestTimedOutException.java]]
[parsing completed 0ms]
[parsing started SimpleFileObject[/Users/cgamboa/git/junit4/src/main/java/org/junit/AssumptionViolatedException.java]]
[parsing completed 0ms]
[parsing started SimpleFileObject[/Users/cgamboa/git/junit4/src/main/java/org/junit/runners/Suite.java]]
[parsing completed 1ms]
[parsing started SimpleFileObject[/Users/cgamboa/git/junit4/src/main/java/org/junit/internal/requests/package-info.java]]
[parsing completed 0ms]
[parsing started SimpleFileObject[/Users/cgamboa/git/junit4/src/main/java/org/junit/runner/JUnitCore.java]]
[parsing completed 1ms]
[parsing started SimpleFileObject[/Users/cgamboa/git/junit4/src/main/java/org/junit/experimental/theories/internal/AllMembersSupplier.java]]
[parsing completed 0ms]
[parsing started SimpleFileObject[/Users/cgamboa/git/junit4/src/main/java/org/junit/runners/model/InitializationError.java]]
[parsing completed 1ms]
[parsing started SimpleFileObject[/Users/cgamboa/git/junit4/src/main/java/org/junit/experimental/categories/Categories.java]]
[parsing completed 1ms]
[parsing started SimpleFileObject[/Users/cgamboa/git/junit4/src/main/java/org/junit/rules/TestWatcher.java]]
[parsing completed 0ms]
[parsing started SimpleFileObject[/Users/cgamboa/git/junit4/src/main/java/org/junit/internal/builders/JUnit3Builder.java]]
[parsing completed 0ms]
[parsing started SimpleFileObject[/Users/cgamboa/git/junit4/src/main/java/org/junit/runner/FilterFactory.java]]
[parsing completed 0ms]
[parsing started SimpleFileObject[/Users/cgamboa/git/junit4/src/main/java/org/junit/runners/Parameterized.java]]
[parsing completed 1ms]
[parsing started SimpleFileObject[/Users/cgamboa/git/junit4/src/main/java/org/junit/internal/ExactComparisonCriteria.java]]
[parsing completed 0ms]
[parsing started SimpleFileObject[/Users/cgamboa/git/junit4/src/main/java/org/junit/rules/TemporaryFolder.java]]
[parsing completed 1ms]
[parsing started SimpleFileObject[/Users/cgamboa/git/junit4/src/main/java/org/junit/validator/TestClassValidator.java]]
[parsing completed 0ms]
[parsing started SimpleFileObject[/Users/cgamboa/git/junit4/src/main/java/org/junit/runners/model/MultipleFailureException.java]]
[parsing completed 0ms]
[parsing started SimpleFileObject[/Users/cgamboa/git/junit4/src/main/java/junit/extensions/ActiveTestSuite.java]]
[parsing completed 1ms]
[parsing started SimpleFileObject[/Users/cgamboa/git/junit4/src/main/java/org/junit/runner/manipulation/Filterable.java]]
[parsing completed 0ms]
[parsing started SimpleFileObject[/Users/cgamboa/git/junit4/src/main/java/org/junit/internal/AssumptionViolatedException.java]]
[parsing completed 0ms]
[parsing started SimpleFileObject[/Users/cgamboa/git/junit4/src/main/java/org/junit/rules/Verifier.java]]
[parsing completed 0ms]
[parsing started SimpleFileObject[/Users/cgamboa/git/junit4/src/main/java/org/junit/runner/manipulation/Ordering.java]]
[parsing completed 1ms]
[search path for source files: /Users/cgamboa/git/junit4/src/main/java,/Users/cgamboa/git/junit4/target/generated-sources/annotations]
[search path for class files: /opt/homebrew/Cellar/openjdk/19.0.2/libexec/openjdk.jdk/Contents/Home/lib/modules,/Users/cgamboa/git/junit4/target/classes,/Users/cgamboa/.m2/repository/org/hamcrest/hamcrest-core/1.3/hamcrest-core-1.3.jar,.]
/Users/cgamboa/git/junit4/src/main/java/junit/extensions/TestDecorator.java:3: warning: [deprecation] Assert in junit.framework has been deprecated
import junit.framework.Assert;
                      ^
[loading /modules/java.base/java/lang/Deprecated.class]
[loading /modules/java.base/java/lang/Object.class]
[loading /modules/java.base/java/lang/SuppressWarnings.class]
[loading /modules/java.base/java/util/ArrayList.class]
[loading /modules/java.base/java/util/Collections.class]
[loading /modules/java.base/java/util/Enumeration.class]
[loading /modules/java.base/java/util/List.class]
[loading /modules/java.base/java/lang/String.class]
[loading /modules/java.base/java/lang/Throwable.class]
[loading /modules/java.base/java/lang/AssertionError.class]
[loading /modules/java.base/java/lang/Error.class]
[loading /modules/java.base/java/io/Serializable.class]
[loading /modules/java.base/java/lang/reflect/InvocationTargetException.class]
[loading /modules/java.base/java/lang/reflect/Method.class]
[loading /modules/java.base/java/lang/reflect/Modifier.class]
[loading /modules/java.base/java/lang/Exception.class]
[loading /modules/java.base/java/lang/annotation/ElementType.class]
[loading /modules/java.base/java/lang/annotation/Retention.class]
[loading /modules/java.base/java/lang/annotation/RetentionPolicy.class]
[loading /modules/java.base/java/lang/annotation/Target.class]
[loading /modules/java.base/java/lang/annotation/Annotation.class]
[loading /modules/java.base/java/lang/Class.class]
[loading /modules/java.base/java/lang/reflect/Constructor.class]
[loading /modules/java.base/java/util/Arrays.class]
[loading /modules/java.base/java/util/HashMap.class]
[loading /modules/java.base/java/util/Map.class]
[loading /modules/java.base/java/lang/Enum.class]
[loading /modules/java.base/java/lang/constant/Constable.class]
[loading /modules/java.base/java/lang/Comparable.class]
[loading /modules/java.base/java/lang/CharSequence.class]
[loading /modules/java.base/java/lang/constant/ConstantDesc.class]
[loading /modules/java.base/java/util/Collection.class]
[loading /modules/java.base/java/util/HashSet.class]
[loading /modules/java.base/java/util/Set.class]
[loading /modules/java.base/java/util/Random.class]
[loading /modules/java.base/java/util/concurrent/ConcurrentLinkedQueue.class]
[loading /modules/java.base/java/util/regex/Matcher.class]
[loading /modules/java.base/java/util/regex/Pattern.class]
[loading /modules/java.base/java/util/Comparator.class]
[loading /modules/java.base/java/util/LinkedHashSet.class]
[loading /modules/java.base/java/lang/annotation/Inherited.class]
[loading /modules/java.base/java/util/Iterator.class]
[loading /modules/java.base/java/util/LinkedHashMap.class]
[loading /modules/java.base/java/util/concurrent/locks/Lock.class]
[loading /modules/java.base/java/util/concurrent/locks/ReentrantLock.class]
[loading /modules/java.base/java/lang/ClassNotFoundException.class]
[loading /modules/java.base/java/util/concurrent/CopyOnWriteArrayList.class]
[loading /modules/java.base/java/lang/annotation/Documented.class]
[loading /modules/java.base/java/io/IOException.class]
[loading /modules/java.base/java/io/ObjectInputStream.class]
[loading /modules/java.base/java/io/ObjectOutputStream.class]
[loading /modules/java.base/java/io/ObjectStreamClass.class]
[loading /modules/java.base/java/io/ObjectStreamField.class]
[loading /modules/java.base/java/util/concurrent/atomic/AtomicInteger.class]
[loading /modules/java.base/java/util/concurrent/atomic/AtomicLong.class]
[loading /modules/java.base/java/lang/RuntimeException.class]
[loading /modules/java.base/java/io/ObjectInputStream$GetField.class]
[loading /modules/java.base/java/lang/reflect/Field.class]
[loading /modules/java.base/java/lang/Runnable.class]
[loading /modules/java.base/java/lang/reflect/Type.class]
[loading /modules/java.base/java/lang/IllegalArgumentException.class]
[loading /modules/java.base/java/lang/IllegalAccessException.class]
[loading /Users/cgamboa/.m2/repository/org/hamcrest/hamcrest-core/1.3/hamcrest-core-1.3.jar(/org/hamcrest/CoreMatchers.class)]
[loading /Users/cgamboa/.m2/repository/org/hamcrest/hamcrest-core/1.3/hamcrest-core-1.3.jar(/org/hamcrest/Matcher.class)]
[loading /Users/cgamboa/.m2/repository/org/hamcrest/hamcrest-core/1.3/hamcrest-core-1.3.jar(/org/hamcrest/core/CombinableMatcher.class)]
[loading /Users/cgamboa/.m2/repository/org/hamcrest/hamcrest-core/1.3/hamcrest-core-1.3.jar(/org/hamcrest/core/CombinableMatcher$CombinableBothMatcher.class)]
[loading /Users/cgamboa/.m2/repository/org/hamcrest/hamcrest-core/1.3/hamcrest-core-1.3.jar(/org/hamcrest/core/CombinableMatcher$CombinableEitherMatcher.class)]
[loading /modules/java.base/java/lang/Iterable.class]
[loading /modules/java.base/java/lang/reflect/Array.class]
[loading /modules/java.base/java/lang/Integer.class]
[loading /modules/java.base/java/util/Vector.class]
[loading /modules/java.base/java/lang/NoSuchMethodException.class]
[loading /modules/java.base/java/lang/SecurityException.class]
[loading /modules/java.base/java/lang/Cloneable.class]
[loading /modules/java.base/java/util/AbstractMap.class]
[loading /modules/java.base/java/util/concurrent/ConcurrentHashMap.class]
[loading /modules/java.base/java/util/concurrent/ConcurrentMap.class]
[loading /modules/java.base/java/util/concurrent/TimeUnit.class]
[loading /modules/java.base/java/lang/ThreadLocal.class]
[loading /modules/java.base/java/util/IdentityHashMap.class]
[loading /modules/java.base/java/text/MessageFormat.class]
[loading /modules/java.base/java/lang/InstantiationException.class]
[loading /modules/java.base/java/io/PrintStream.class]
[loading /modules/java.base/java/util/concurrent/ExecutorService.class]
[loading /modules/java.base/java/util/concurrent/Executors.class]
[loading /Users/cgamboa/.m2/repository/org/hamcrest/hamcrest-core/1.3/hamcrest-core-1.3.jar(/org/hamcrest/BaseMatcher.class)]
[loading /Users/cgamboa/.m2/repository/org/hamcrest/hamcrest-core/1.3/hamcrest-core-1.3.jar(/org/hamcrest/Description.class)]
[loading /Users/cgamboa/.m2/repository/org/hamcrest/hamcrest-core/1.3/hamcrest-core-1.3.jar(/org/hamcrest/StringDescription.class)]
[loading /Users/cgamboa/.m2/repository/org/hamcrest/hamcrest-core/1.3/hamcrest-core-1.3.jar(/org/hamcrest/SelfDescribing.class)]
[loading /modules/java.base/java/io/File.class]
[loading /modules/java.base/java/io/FileInputStream.class]
[loading /modules/java.base/java/io/FileOutputStream.class]
[loading /modules/java.base/java/lang/Long.class]
[loading /modules/java.base/java/io/PrintWriter.class]
[loading /modules/java.base/java/util/concurrent/Callable.class]
[loading /modules/java.base/java/util/concurrent/CountDownLatch.class]
[loading /modules/java.base/java/util/concurrent/ExecutionException.class]
[loading /modules/java.base/java/util/concurrent/FutureTask.class]
[loading /modules/java.base/java/util/concurrent/TimeoutException.class]
[loading /modules/java.base/java/lang/ThreadGroup.class]
[loading /modules/java.base/java/lang/Thread.class]
[loading /modules/java.base/java/lang/StackTraceElement.class]
[loading /modules/java.base/java/lang/InterruptedException.class]
[loading /Users/cgamboa/.m2/repository/org/hamcrest/hamcrest-core/1.3/hamcrest-core-1.3.jar(/org/hamcrest/MatcherAssert.class)]
[loading /modules/java.base/java/lang/reflect/GenericArrayType.class]
[loading /modules/java.base/java/lang/reflect/ParameterizedType.class]
[loading /modules/java.base/java/lang/reflect/TypeVariable.class]
[loading /modules/java.base/java/lang/reflect/WildcardType.class]
[loading /Users/cgamboa/.m2/repository/org/hamcrest/hamcrest-core/1.3/hamcrest-core-1.3.jar(/org/hamcrest/Factory.class)]
[loading /Users/cgamboa/.m2/repository/org/hamcrest/hamcrest-core/1.3/hamcrest-core-1.3.jar(/org/hamcrest/TypeSafeMatcher.class)]
[loading /modules/java.base/java/text/NumberFormat.class]
[loading /modules/java.base/java/io/ByteArrayOutputStream.class]
[loading /modules/java.base/java/io/BufferedReader.class]
[loading /modules/java.base/java/io/StringReader.class]
[loading /modules/java.base/java/io/StringWriter.class]
[loading /modules/java.base/java/util/AbstractList.class]
[loading /modules/java.base/java/lang/StringBuilder.class]
[loading /modules/java.base/java/util/concurrent/Future.class]
[loading /modules/java.base/java/io/InputStream.class]
[loading /modules/java.base/java/util/Properties.class]
[loading /modules/java.base/java/lang/Override.class]
[loading /modules/java.base/jdk/internal/util/random/RandomSupport.class]
[loading /modules/java.base/jdk/internal/util/random/RandomSupport$RandomGeneratorProperties.class]
[loading /modules/java.base/jdk/internal/javac/PreviewFeature.class]
[loading /modules/java.base/jdk/internal/javac/PreviewFeature$Feature.class]
[checking junit.extensions.RepeatedTest]
[loading /modules/java.base/java/lang/AutoCloseable.class]
[loading /modules/java.base/java/lang/Double.class]
[loading /modules/java.base/java/lang/Number.class]
[loading /modules/java.base/java/lang/Math.class]
[loading /modules/java.base/java/lang/Float.class]
[loading /modules/java.base/java/lang/Boolean.class]
[loading /modules/java.base/java/lang/Byte.class]
[loading /modules/java.base/java/lang/Character.class]
[loading /modules/java.base/java/lang/Short.class]
[loading /modules/java.base/java/lang/Void.class]
[checking junit.extensions.TestDecorator]
[checking junit.framework.Assert]
[loading /modules/java.base/java/lang/AbstractStringBuilder.class]
[loading /modules/java.base/java/lang/Appendable.class]
[loading /modules/java.base/java/lang/StringBuffer.class]
[wrote /Users/cgamboa/git/junit4/target/classes/junit/extensions/RepeatedTest.class]
[wrote /Users/cgamboa/git/junit4/target/classes/junit/extensions/TestDecorator.class]
[wrote /Users/cgamboa/git/junit4/target/classes/junit/framework/Assert.class]
[checking junit.framework.Test]
[wrote /Users/cgamboa/git/junit4/target/classes/junit/framework/Test.class]
[checking junit.framework.TestResult]
[loading /modules/java.base/java/util/AbstractCollection.class]
[loading /modules/java.base/java/lang/ThreadDeath.class]
[wrote /Users/cgamboa/git/junit4/target/classes/junit/framework/TestResult$1.class]
[wrote /Users/cgamboa/git/junit4/target/classes/junit/framework/TestResult.class]
[checking junit.framework.TestFailure]
[wrote /Users/cgamboa/git/junit4/target/classes/junit/framework/TestFailure.class]
[checking junit.framework.TestListener]
[wrote /Users/cgamboa/git/junit4/target/classes/junit/framework/TestListener.class]
[checking junit.framework.AssertionFailedError]
[wrote /Users/cgamboa/git/junit4/target/classes/junit/framework/AssertionFailedError.class]
[checking junit.framework.TestCase]
[loading /modules/java.base/java/lang/reflect/GenericDeclaration.class]
[loading /modules/java.base/java/lang/reflect/AnnotatedElement.class]
[loading /modules/java.base/java/lang/invoke/TypeDescriptor.class]
[loading /modules/java.base/java/lang/invoke/TypeDescriptor$OfField.class]
[loading /modules/java.base/java/lang/ReflectiveOperationException.class]
[loading /modules/java.base/java/lang/reflect/Executable.class]
[loading /modules/java.base/java/lang/reflect/Member.class]
[loading /modules/java.base/java/lang/reflect/AccessibleObject.class]
[wrote /Users/cgamboa/git/junit4/target/classes/junit/framework/TestCase.class]
[checking junit.framework.Protectable]
[wrote /Users/cgamboa/git/junit4/target/classes/junit/framework/Protectable.class]
[checking org.junit.experimental.theories.suppliers.TestedOn]
[wrote /Users/cgamboa/git/junit4/target/classes/org/junit/experimental/theories/suppliers/TestedOn.class]
[checking org.junit.experimental.theories.ParametersSuppliedBy]
[wrote /Users/cgamboa/git/junit4/target/classes/org/junit/experimental/theories/ParametersSuppliedBy.class]
[checking org.junit.experimental.theories.ParameterSupplier]
[wrote /Users/cgamboa/git/junit4/target/classes/org/junit/experimental/theories/ParameterSupplier.class]
[checking org.junit.experimental.theories.ParameterSignature]
[loading /modules/java.base/java/util/RandomAccess.class]
[wrote /Users/cgamboa/git/junit4/target/classes/org/junit/experimental/theories/ParameterSignature.class]
[checking org.junit.experimental.theories.PotentialAssignment]
[loading /modules/java.base/java/util/Locale.class]
[wrote /Users/cgamboa/git/junit4/target/classes/org/junit/experimental/theories/PotentialAssignment$CouldNotGenerateValueException.class]
[wrote /Users/cgamboa/git/junit4/target/classes/org/junit/experimental/theories/PotentialAssignment$1.class]
[wrote /Users/cgamboa/git/junit4/target/classes/org/junit/experimental/theories/PotentialAssignment.class]
[checking org.junit.runner.manipulation.Orderable]
[wrote /Users/cgamboa/git/junit4/target/classes/org/junit/runner/manipulation/Orderable.class]
[checking org.junit.runner.manipulation.Sortable]
[wrote /Users/cgamboa/git/junit4/target/classes/org/junit/runner/manipulation/Sortable.class]
[checking org.junit.runner.manipulation.Orderer]
[loading /modules/java.base/java/util/AbstractSet.class]
[wrote /Users/cgamboa/git/junit4/target/classes/org/junit/runner/manipulation/Orderer.class]
[checking org.junit.runner.manipulation.InvalidOrderingException]
[wrote /Users/cgamboa/git/junit4/target/classes/org/junit/runner/manipulation/InvalidOrderingException.class]
[checking org.junit.runner.manipulation.Ordering]
[loading /modules/java.base/java/lang/NullPointerException.class]
[wrote /Users/cgamboa/git/junit4/target/classes/org/junit/runner/manipulation/Ordering$1.class]
[wrote /Users/cgamboa/git/junit4/target/classes/org/junit/runner/manipulation/Ordering$Context.class]
[wrote /Users/cgamboa/git/junit4/target/classes/org/junit/runner/manipulation/Ordering$Factory.class]
[wrote /Users/cgamboa/git/junit4/target/classes/org/junit/runner/manipulation/Ordering.class]
[checking org.junit.runner.Description]
[loading /modules/java.base/java/util/AbstractQueue.class]
[loading /modules/java.base/java/lang/ClassLoader.class]
[loading /modules/java.base/java/lang/Module.class]
[loading /modules/java.base/java/util/regex/MatchResult.class]
[wrote /Users/cgamboa/git/junit4/target/classes/org/junit/runner/Description.class]
[checking org.junit.runner.manipulation.Sorter]
[loading /modules/java.base/java/util/function/Function.class]
[wrote /Users/cgamboa/git/junit4/target/classes/org/junit/runner/manipulation/Sorter$1.class]
[wrote /Users/cgamboa/git/junit4/target/classes/org/junit/runner/manipulation/Sorter.class]
[checking junit.runner.TestRunListener]
[wrote /Users/cgamboa/git/junit4/target/classes/junit/runner/TestRunListener.class]
[checking org.junit.experimental.theories.suppliers.TestedOnSupplier]
[wrote /Users/cgamboa/git/junit4/target/classes/org/junit/experimental/theories/suppliers/TestedOnSupplier.class]
[checking org.junit.experimental.categories.Categories]
[checking org.junit.runners.Suite]
[checking org.junit.runners.ParentRunner]
[checking org.junit.runner.Runner]
[checking org.junit.runners.model.Statement]
[checking org.junit.runner.manipulation.Filter]
[wrote /Users/cgamboa/git/junit4/target/classes/org/junit/experimental/categories/Categories$IncludeCategory.class]
[wrote /Users/cgamboa/git/junit4/target/classes/org/junit/experimental/categories/Categories$ExcludeCategory.class]
[wrote /Users/cgamboa/git/junit4/target/classes/org/junit/experimental/categories/Categories$CategoryFilter.class]
[wrote /Users/cgamboa/git/junit4/target/classes/org/junit/experimental/categories/Categories.class]
[checking org.junit.experimental.categories.ExcludeCategories]
[checking org.junit.experimental.categories.CategoryFilterFactory]
[wrote /Users/cgamboa/git/junit4/target/classes/org/junit/experimental/categories/ExcludeCategories$ExcludesAny.class]
[wrote /Users/cgamboa/git/junit4/target/classes/org/junit/experimental/categories/ExcludeCategories.class]
[wrote /Users/cgamboa/git/junit4/target/classes/org/junit/experimental/categories/CategoryFilterFactory.class]
[checking org.junit.runner.FilterFactory]
[wrote /Users/cgamboa/git/junit4/target/classes/org/junit/runner/FilterFactory$FilterNotCreatedException.class]
[wrote /Users/cgamboa/git/junit4/target/classes/org/junit/runner/FilterFactory.class]
[wrote /Users/cgamboa/git/junit4/target/classes/org/junit/runners/Suite$SuiteClasses.class]
[wrote /Users/cgamboa/git/junit4/target/classes/org/junit/runners/Suite.class]
[checking org.junit.internal.Checks]
[wrote /Users/cgamboa/git/junit4/target/classes/org/junit/internal/Checks.class]
[checking org.junit.internal.runners.rules.RuleMemberValidator]
[wrote /Users/cgamboa/git/junit4/target/classes/org/junit/internal/runners/rules/RuleMemberValidator$Builder.class]
[wrote /Users/cgamboa/git/junit4/target/classes/org/junit/internal/runners/rules/RuleMemberValidator$RuleValidator.class]
[wrote /Users/cgamboa/git/junit4/target/classes/org/junit/internal/runners/rules/RuleMemberValidator$MemberMustBeNonStaticOrAlsoClassRule.class]
[wrote /Users/cgamboa/git/junit4/target/classes/org/junit/internal/runners/rules/RuleMemberValidator$MemberMustBeStatic.class]
[wrote /Users/cgamboa/git/junit4/target/classes/org/junit/internal/runners/rules/RuleMemberValidator$DeclaringClassMustBePublic.class]
[wrote /Users/cgamboa/git/junit4/target/classes/org/junit/internal/runners/rules/RuleMemberValidator$MemberMustBePublic.class]
[wrote /Users/cgamboa/git/junit4/target/classes/org/junit/internal/runners/rules/RuleMemberValidator$FieldMustBeARule.class]
[wrote /Users/cgamboa/git/junit4/target/classes/org/junit/internal/runners/rules/RuleMemberValidator$MethodMustBeARule.class]
[wrote /Users/cgamboa/git/junit4/target/classes/org/junit/internal/runners/rules/RuleMemberValidator$MethodMustBeATestRule.class]
[wrote /Users/cgamboa/git/junit4/target/classes/org/junit/internal/runners/rules/RuleMemberValidator$FieldMustBeATestRule.class]
[wrote /Users/cgamboa/git/junit4/target/classes/org/junit/internal/runners/rules/RuleMemberValidator$1.class]
[wrote /Users/cgamboa/git/junit4/target/classes/org/junit/internal/runners/rules/RuleMemberValidator.class]
[wrote /Users/cgamboa/git/junit4/target/classes/org/junit/runners/ParentRunner$1.class]
[wrote /Users/cgamboa/git/junit4/target/classes/org/junit/runners/ParentRunner$2.class]
[wrote /Users/cgamboa/git/junit4/target/classes/org/junit/runners/ParentRunner$3.class]
[wrote /Users/cgamboa/git/junit4/target/classes/org/junit/runners/ParentRunner$4.class]
[wrote /Users/cgamboa/git/junit4/target/classes/org/junit/runners/ParentRunner$5.class]
[wrote /Users/cgamboa/git/junit4/target/classes/org/junit/runners/ParentRunner$ClassRuleCollector.class]
[wrote /Users/cgamboa/git/junit4/target/classes/org/junit/runners/ParentRunner.class]
[wrote /Users/cgamboa/git/junit4/target/classes/org/junit/runner/Runner.class]
[checking org.junit.runner.Describable]
[wrote /Users/cgamboa/git/junit4/target/classes/org/junit/runner/Describable.class]
[checking org.junit.runner.manipulation.Filterable]
[wrote /Users/cgamboa/git/junit4/target/classes/org/junit/runner/manipulation/Filterable.class]
[wrote /Users/cgamboa/git/junit4/target/classes/org/junit/runner/manipulation/Filter$1.class]
[wrote /Users/cgamboa/git/junit4/target/classes/org/junit/runner/manipulation/Filter$2.class]
[wrote /Users/cgamboa/git/junit4/target/classes/org/junit/runner/manipulation/Filter$3.class]
[wrote /Users/cgamboa/git/junit4/target/classes/org/junit/runner/manipulation/Filter.class]
[checking org.junit.runner.manipulation.NoTestsRemainException]
[wrote /Users/cgamboa/git/junit4/target/classes/org/junit/runner/manipulation/NoTestsRemainException.class]
[checking org.junit.runner.FilterFactoryParams]
[wrote /Users/cgamboa/git/junit4/target/classes/org/junit/runner/FilterFactoryParams.class]
[checking org.junit.runners.model.RunnerBuilder]
[loading /modules/java.base/java/util/function/IntFunction.class]
[wrote /Users/cgamboa/git/junit4/target/classes/org/junit/runners/model/RunnerBuilder.class]
[checking org.junit.runners.model.InitializationError]
[wrote /Users/cgamboa/git/junit4/target/classes/org/junit/runners/model/InitializationError.class]
[checking org.junit.runner.notification.RunNotifier]
[wrote /Users/cgamboa/git/junit4/target/classes/org/junit/runner/notification/RunNotifier$SafeNotifier.class]
[wrote /Users/cgamboa/git/junit4/target/classes/org/junit/runner/notification/RunNotifier$1.class]
[wrote /Users/cgamboa/git/junit4/target/classes/org/junit/runner/notification/RunNotifier$2.class]
[wrote /Users/cgamboa/git/junit4/target/classes/org/junit/runner/notification/RunNotifier$3.class]
[wrote /Users/cgamboa/git/junit4/target/classes/org/junit/runner/notification/RunNotifier$4.class]
[wrote /Users/cgamboa/git/junit4/target/classes/org/junit/runner/notification/RunNotifier$5.class]
[wrote /Users/cgamboa/git/junit4/target/classes/org/junit/runner/notification/RunNotifier$6.class]
[wrote /Users/cgamboa/git/junit4/target/classes/org/junit/runner/notification/RunNotifier$7.class]
[wrote /Users/cgamboa/git/junit4/target/classes/org/junit/runner/notification/RunNotifier$8.class]
[wrote /Users/cgamboa/git/junit4/target/classes/org/junit/runner/notification/RunNotifier$9.class]
[wrote /Users/cgamboa/git/junit4/target/classes/org/junit/runner/notification/RunNotifier.class]
[checking org.junit.runner.notification.RunListener]
[wrote /Users/cgamboa/git/junit4/target/classes/org/junit/runner/notification/RunListener$ThreadSafe.class]
[wrote /Users/cgamboa/git/junit4/target/classes/org/junit/runner/notification/RunListener.class]
[checking org.junit.runner.Result]
[loading /modules/java.base/java/lang/UnsupportedOperationException.class]
[loading /modules/java.base/java/lang/System.class]
[loading /modules/java.base/java/io/ObjectOutputStream$PutField.class]
[loading /modules/java.base/java/io/ObjectOutput.class]
[loading /modules/java.base/java/io/DataOutput.class]
[loading /modules/java.base/java/io/ObjectStreamConstants.class]
[loading /modules/java.base/java/io/OutputStream.class]
[loading /modules/java.base/java/io/Closeable.class]
[loading /modules/java.base/java/io/Flushable.class]
[loading /modules/java.base/java/io/ObjectInput.class]
[loading /modules/java.base/java/io/DataInput.class]
[wrote /Users/cgamboa/git/junit4/target/classes/org/junit/runner/Result$Listener.class]
[wrote /Users/cgamboa/git/junit4/target/classes/org/junit/runner/Result$SerializedForm.class]
[wrote /Users/cgamboa/git/junit4/target/classes/org/junit/runner/Result$1.class]
[wrote /Users/cgamboa/git/junit4/target/classes/org/junit/runner/Result.class]
[checking org.junit.runner.notification.StoppedByUserException]
[wrote /Users/cgamboa/git/junit4/target/classes/org/junit/runner/notification/StoppedByUserException.class]
[checking org.junit.runner.notification.Failure]
[wrote /Users/cgamboa/git/junit4/target/classes/org/junit/runner/notification/Failure.class]
[checking org.junit.validator.TestClassValidator]
[wrote /Users/cgamboa/git/junit4/target/classes/org/junit/validator/TestClassValidator.class]
[checking org.junit.internal.MethodSorter]
[wrote /Users/cgamboa/git/junit4/target/classes/org/junit/internal/MethodSorter$1.class]
[wrote /Users/cgamboa/git/junit4/target/classes/org/junit/internal/MethodSorter$2.class]
[wrote /Users/cgamboa/git/junit4/target/classes/org/junit/internal/MethodSorter.class]
[checking org.junit.runners.model.TestClass]
[loading /modules/java.base/java/util/Map$Entry.class]
[wrote /Users/cgamboa/git/junit4/target/classes/org/junit/runners/model/TestClass$1.class]
[wrote /Users/cgamboa/git/junit4/target/classes/org/junit/runners/model/TestClass$2.class]
[wrote /Users/cgamboa/git/junit4/target/classes/org/junit/runners/model/TestClass$FieldComparator.class]
[wrote /Users/cgamboa/git/junit4/target/classes/org/junit/runners/model/TestClass$MethodComparator.class]
[wrote /Users/cgamboa/git/junit4/target/classes/org/junit/runners/model/TestClass.class]
[checking org.junit.runners.model.Annotatable]
[wrote /Users/cgamboa/git/junit4/target/classes/org/junit/runners/model/Annotatable.class]
[checking org.junit.runners.model.RunnerScheduler]
[wrote /Users/cgamboa/git/junit4/target/classes/org/junit/runners/model/RunnerScheduler.class]
[wrote /Users/cgamboa/git/junit4/target/classes/org/junit/runners/model/Statement.class]
[checking org.junit.rules.TestRule]
[wrote /Users/cgamboa/git/junit4/target/classes/org/junit/rules/TestRule.class]
[checking org.junit.runners.model.FrameworkMethod]
[checking org.junit.runners.model.FrameworkMember]
[checking org.junit.internal.runners.model.ReflectiveCallable]
[wrote /Users/cgamboa/git/junit4/target/classes/org/junit/runners/model/FrameworkMethod$1.class]
[wrote /Users/cgamboa/git/junit4/target/classes/org/junit/runners/model/FrameworkMethod.class]
[wrote /Users/cgamboa/git/junit4/target/classes/org/junit/runners/model/FrameworkMember.class]
[checking org.junit.runners.model.FrameworkField]
[wrote /Users/cgamboa/git/junit4/target/classes/org/junit/runners/model/FrameworkField.class]
[checking org.junit.runners.model.MemberValueConsumer]
[wrote /Users/cgamboa/git/junit4/target/classes/org/junit/runners/model/MemberValueConsumer.class]
[checking org.junit.FixMethodOrder]
[wrote /Users/cgamboa/git/junit4/target/classes/org/junit/FixMethodOrder.class]
[checking org.junit.runners.MethodSorters]
[loading /modules/java.base/java/util/Optional.class]
[loading /modules/java.base/java/lang/Enum$EnumDesc.class]
[loading /modules/java.base/java/lang/constant/DynamicConstantDesc.class]
[loading /modules/java.base/java/lang/CloneNotSupportedException.class]
[wrote /Users/cgamboa/git/junit4/target/classes/org/junit/runners/MethodSorters.class]
[checking org.junit.matchers.JUnitMatchers]
[wrote /Users/cgamboa/git/junit4/target/classes/org/junit/matchers/JUnitMatchers.class]
[checking org.junit.rules.ExpectedExceptionMatcherBuilder]
[wrote /Users/cgamboa/git/junit4/target/classes/org/junit/rules/ExpectedExceptionMatcherBuilder.class]
[checking org.junit.runners.parameterized.TestWithParameters]
[wrote /Users/cgamboa/git/junit4/target/classes/org/junit/runners/parameterized/TestWithParameters.class]
[checking org.junit.AfterClass]
[wrote /Users/cgamboa/git/junit4/target/classes/org/junit/AfterClass.class]
[checking org.junit.validator.ValidateWith]
[wrote /Users/cgamboa/git/junit4/target/classes/org/junit/validator/ValidateWith.class]
[checking org.junit.validator.AnnotationValidator]
[wrote /Users/cgamboa/git/junit4/target/classes/org/junit/validator/AnnotationValidator.class]
[checking org.junit.internal.management.ManagementFactory]
[wrote /Users/cgamboa/git/junit4/target/classes/org/junit/internal/management/ManagementFactory$FactoryHolder.class]
[wrote /Users/cgamboa/git/junit4/target/classes/org/junit/internal/management/ManagementFactory$RuntimeHolder.class]
[wrote /Users/cgamboa/git/junit4/target/classes/org/junit/internal/management/ManagementFactory$ThreadHolder.class]
[wrote /Users/cgamboa/git/junit4/target/classes/org/junit/internal/management/ManagementFactory.class]
[checking org.junit.internal.management.RuntimeMXBean]
[wrote /Users/cgamboa/git/junit4/target/classes/org/junit/internal/management/RuntimeMXBean.class]
[checking org.junit.internal.management.ThreadMXBean]
[wrote /Users/cgamboa/git/junit4/target/classes/org/junit/internal/management/ThreadMXBean.class]
[checking org.junit.internal.runners.statements.InvokeMethod]
[wrote /Users/cgamboa/git/junit4/target/classes/org/junit/internal/runners/statements/InvokeMethod.class]
[wrote /Users/cgamboa/git/junit4/target/classes/org/junit/internal/runners/model/ReflectiveCallable.class]
[checking org.junit.internal.ComparisonCriteria]
[loading /modules/java.base/java/lang/ArrayIndexOutOfBoundsException.class]
[loading /modules/java.base/java/lang/IndexOutOfBoundsException.class]
[wrote /Users/cgamboa/git/junit4/target/classes/org/junit/internal/ComparisonCriteria$1.class]
[wrote /Users/cgamboa/git/junit4/target/classes/org/junit/internal/ComparisonCriteria.class]
[checking org.junit.internal.ArrayComparisonFailure]
[wrote /Users/cgamboa/git/junit4/target/classes/org/junit/internal/ArrayComparisonFailure.class]
[checking org.junit.internal.runners.JUnit38ClassRunner]
[wrote /Users/cgamboa/git/junit4/target/classes/org/junit/internal/runners/JUnit38ClassRunner$OldTestClassAdaptingListener.class]
[wrote /Users/cgamboa/git/junit4/target/classes/org/junit/internal/runners/JUnit38ClassRunner$1.class]
[wrote /Users/cgamboa/git/junit4/target/classes/org/junit/internal/runners/JUnit38ClassRunner.class]
[checking junit.framework.TestSuite]
[wrote /Users/cgamboa/git/junit4/target/classes/junit/framework/TestSuite$1.class]
[wrote /Users/cgamboa/git/junit4/target/classes/junit/framework/TestSuite.class]
[checking org.junit.internal.requests.SortingRequest]
[checking org.junit.runner.Request]
[wrote /Users/cgamboa/git/junit4/target/classes/org/junit/internal/requests/SortingRequest.class]
[wrote /Users/cgamboa/git/junit4/target/classes/org/junit/runner/Request$1.class]
[wrote /Users/cgamboa/git/junit4/target/classes/org/junit/runner/Request.class]
[checking org.junit.runner.Computer]
[wrote /Users/cgamboa/git/junit4/target/classes/org/junit/runner/Computer$1.class]
[wrote /Users/cgamboa/git/junit4/target/classes/org/junit/runner/Computer$2.class]
[wrote /Users/cgamboa/git/junit4/target/classes/org/junit/runner/Computer.class]
[checking org.junit.internal.runners.ClassRoadie]
[wrote /Users/cgamboa/git/junit4/target/classes/org/junit/internal/runners/ClassRoadie.class]
[checking org.junit.internal.runners.TestClass]
[wrote /Users/cgamboa/git/junit4/target/classes/org/junit/internal/runners/TestClass.class]
[checking org.junit.internal.runners.FailedBefore]
[wrote /Users/cgamboa/git/junit4/target/classes/org/junit/internal/runners/FailedBefore.class]
[checking org.junit.internal.management.FakeThreadMXBean]
[wrote /Users/cgamboa/git/junit4/target/classes/org/junit/internal/management/FakeThreadMXBean.class]
[checking junit.extensions.TestSetup]
[wrote /Users/cgamboa/git/junit4/target/classes/junit/extensions/TestSetup$1.class]
[wrote /Users/cgamboa/git/junit4/target/classes/junit/extensions/TestSetup.class]
[checking junit.runner.Version]
[loading /modules/java.base/java/io/FilterOutputStream.class]
[wrote /Users/cgamboa/git/junit4/target/classes/junit/runner/Version.class]
[checking junit.framework.JUnit4TestAdapterCache]
[loading /modules/java.base/java/util/function/BiFunction.class]
[loading /modules/java.base/java/util/function/BiConsumer.class]
[wrote /Users/cgamboa/git/junit4/target/classes/junit/framework/JUnit4TestAdapterCache$1.class]
[wrote /Users/cgamboa/git/junit4/target/classes/junit/framework/JUnit4TestAdapterCache.class]
[checking junit.framework.JUnit4TestAdapter]
[wrote /Users/cgamboa/git/junit4/target/classes/junit/framework/JUnit4TestAdapter.class]
[checking org.junit.internal.runners.JUnit4ClassRunner]
[wrote /Users/cgamboa/git/junit4/target/classes/org/junit/internal/runners/JUnit4ClassRunner$1.class]
[wrote /Users/cgamboa/git/junit4/target/classes/org/junit/internal/runners/JUnit4ClassRunner$2.class]
[wrote /Users/cgamboa/git/junit4/target/classes/org/junit/internal/runners/JUnit4ClassRunner.class]
[checking org.junit.internal.runners.InitializationError]
[wrote /Users/cgamboa/git/junit4/target/classes/org/junit/internal/runners/InitializationError.class]
[checking org.junit.Test]
[wrote /Users/cgamboa/git/junit4/target/classes/org/junit/Test$None.class]
[wrote /Users/cgamboa/git/junit4/target/classes/org/junit/Test.class]
[checking org.junit.internal.runners.TestMethod]
[wrote /Users/cgamboa/git/junit4/target/classes/org/junit/internal/runners/TestMethod.class]
[checking org.junit.runners.BlockJUnit4ClassRunner]
[wrote /Users/cgamboa/git/junit4/target/classes/org/junit/runners/BlockJUnit4ClassRunner$1.class]
[wrote /Users/cgamboa/git/junit4/target/classes/org/junit/runners/BlockJUnit4ClassRunner$2.class]
[wrote /Users/cgamboa/git/junit4/target/classes/org/junit/runners/BlockJUnit4ClassRunner$RuleCollector.class]
[wrote /Users/cgamboa/git/junit4/target/classes/org/junit/runners/BlockJUnit4ClassRunner.class]
[checking org.junit.rules.MethodRule]
[wrote /Users/cgamboa/git/junit4/target/classes/org/junit/rules/MethodRule.class]
[checking org.junit.runners.RuleContainer]
[wrote /Users/cgamboa/git/junit4/target/classes/org/junit/runners/RuleContainer$1.class]
[wrote /Users/cgamboa/git/junit4/target/classes/org/junit/runners/RuleContainer$RuleEntry.class]
[wrote /Users/cgamboa/git/junit4/target/classes/org/junit/runners/RuleContainer.class]
[checking org.junit.rules.RunRules]
[wrote /Users/cgamboa/git/junit4/target/classes/org/junit/rules/RunRules.class]
[checking junit.framework.ComparisonCompactor]
[wrote /Users/cgamboa/git/junit4/target/classes/junit/framework/ComparisonCompactor.class]
[checking org.junit.runner.FilterFactories]
[wrote /Users/cgamboa/git/junit4/target/classes/org/junit/runner/FilterFactories.class]
[checking org.junit.internal.requests.FilterRequest]
[wrote /Users/cgamboa/git/junit4/target/classes/org/junit/internal/requests/FilterRequest.class]
[checking org.junit.internal.builders.IgnoredBuilder]
[wrote /Users/cgamboa/git/junit4/target/classes/org/junit/internal/builders/IgnoredBuilder.class]
[checking org.junit.runners.Parameterized]
/Users/cgamboa/git/junit4/src/main/java/org/junit/runners/Parameterized.java:406: warning: [deprecation] newInstance() in Class has been deprecated
                return factoryClass.newInstance();
                                   ^
  where T is a type-variable:
    T extends Object declared in class Class
[loading /modules/java.base/java/lang/ClassCastException.class]
[loading /modules/java.base/java/text/Format.class]
[wrote /Users/cgamboa/git/junit4/target/classes/org/junit/runners/Parameterized$Parameters.class]
[wrote /Users/cgamboa/git/junit4/target/classes/org/junit/runners/Parameterized$Parameter.class]
[wrote /Users/cgamboa/git/junit4/target/classes/org/junit/runners/Parameterized$UseParametersRunnerFactory.class]
[wrote /Users/cgamboa/git/junit4/target/classes/org/junit/runners/Parameterized$BeforeParam.class]
[wrote /Users/cgamboa/git/junit4/target/classes/org/junit/runners/Parameterized$AfterParam.class]
[wrote /Users/cgamboa/git/junit4/target/classes/org/junit/runners/Parameterized$AssumptionViolationRunner.class]
[wrote /Users/cgamboa/git/junit4/target/classes/org/junit/runners/Parameterized$RunnersFactory.class]
[wrote /Users/cgamboa/git/junit4/target/classes/org/junit/runners/Parameterized$1.class]
[wrote /Users/cgamboa/git/junit4/target/classes/org/junit/runners/Parameterized.class]
[checking org.junit.runners.parameterized.BlockJUnit4ClassRunnerWithParameters]
[loading /modules/java.base/java/lang/IllegalStateException.class]
/Users/cgamboa/git/junit4/src/main/java/org/junit/runners/parameterized/BlockJUnit4ClassRunnerWithParameters.java:69: warning: [deprecation] newInstance() in Class has been deprecated
        Object testClassInstance = getTestClass().getJavaClass().newInstance();
                                                                ^
  where T is a type-variable:
    T extends Object declared in class Class
[checking org.junit.internal.runners.statements.RunBefores]
[checking org.junit.internal.runners.statements.RunAfters]
[loading /modules/java.base/java/lang/NoSuchFieldError.class]
[wrote /Users/cgamboa/git/junit4/target/classes/org/junit/runners/parameterized/BlockJUnit4ClassRunnerWithParameters$InjectionType.class]
[wrote /Users/cgamboa/git/junit4/target/classes/org/junit/runners/parameterized/BlockJUnit4ClassRunnerWithParameters$RunBeforeParams.class]
[wrote /Users/cgamboa/git/junit4/target/classes/org/junit/runners/parameterized/BlockJUnit4ClassRunnerWithParameters$RunAfterParams.class]
[wrote /Users/cgamboa/git/junit4/target/classes/org/junit/runners/parameterized/BlockJUnit4ClassRunnerWithParameters$1.class]
[wrote /Users/cgamboa/git/junit4/target/classes/org/junit/runners/parameterized/BlockJUnit4ClassRunnerWithParameters.class]
[checking org.junit.runners.model.InvalidTestClassError]
[wrote /Users/cgamboa/git/junit4/target/classes/org/junit/runners/model/InvalidTestClassError.class]
[checking org.junit.runners.parameterized.ParametersRunnerFactory]
[wrote /Users/cgamboa/git/junit4/target/classes/org/junit/runners/parameterized/ParametersRunnerFactory.class]
[wrote /Users/cgamboa/git/junit4/target/classes/org/junit/internal/runners/statements/RunBefores.class]
[wrote /Users/cgamboa/git/junit4/target/classes/org/junit/internal/runners/statements/RunAfters.class]
[checking org.junit.Assume]
[wrote /Users/cgamboa/git/junit4/target/classes/org/junit/Assume.class]
[checking org.junit.experimental.theories.internal.BooleanSupplier]
[wrote /Users/cgamboa/git/junit4/target/classes/org/junit/experimental/theories/internal/BooleanSupplier.class]
[checking org.junit.experimental.results.FailureList]
[wrote /Users/cgamboa/git/junit4/target/classes/org/junit/experimental/results/FailureList.class]
[checking org.junit.internal.runners.ErrorReportingRunner]
[wrote /Users/cgamboa/git/junit4/target/classes/org/junit/internal/runners/ErrorReportingRunner.class]
[checking org.junit.internal.RealSystem]
[wrote /Users/cgamboa/git/junit4/target/classes/org/junit/internal/RealSystem.class]
[checking org.junit.internal.JUnitSystem]
[wrote /Users/cgamboa/git/junit4/target/classes/org/junit/internal/JUnitSystem.class]
[checking org.junit.experimental.ParallelComputer]
[loading /modules/java.base/java/util/concurrent/Executor.class]
[wrote /Users/cgamboa/git/junit4/target/classes/org/junit/experimental/ParallelComputer$1.class]
[wrote /Users/cgamboa/git/junit4/target/classes/org/junit/experimental/ParallelComputer.class]
[checking org.junit.internal.SerializableMatcherDescription]
[loading /Users/cgamboa/.m2/repository/org/hamcrest/hamcrest-core/1.3/hamcrest-core-1.3.jar(/org/hamcrest/BaseDescription.class)]
[wrote /Users/cgamboa/git/junit4/target/classes/org/junit/internal/SerializableMatcherDescription.class]
[checking org.junit.experimental.max.MaxCore]
[loading /modules/java.base/java/net/URI.class]
[wrote /Users/cgamboa/git/junit4/target/classes/org/junit/experimental/max/MaxCore$1$1.class]
[wrote /Users/cgamboa/git/junit4/target/classes/org/junit/experimental/max/MaxCore$1.class]
[wrote /Users/cgamboa/git/junit4/target/classes/org/junit/experimental/max/MaxCore.class]
[checking org.junit.experimental.max.MaxHistory]
[loading /modules/java.base/java/io/FileDescriptor.class]
[loading /modules/java.base/java/io/FileNotFoundException.class]
[wrote /Users/cgamboa/git/junit4/target/classes/org/junit/experimental/max/MaxHistory$RememberingListener.class]
[wrote /Users/cgamboa/git/junit4/target/classes/org/junit/experimental/max/MaxHistory$TestComparator.class]
[wrote /Users/cgamboa/git/junit4/target/classes/org/junit/experimental/max/MaxHistory$1.class]
[wrote /Users/cgamboa/git/junit4/target/classes/org/junit/experimental/max/MaxHistory.class]
[checking org.junit.runner.JUnitCore]
[wrote /Users/cgamboa/git/junit4/target/classes/org/junit/runner/JUnitCore.class]
[checking org.junit.experimental.max.CouldNotReadCoreException]
[wrote /Users/cgamboa/git/junit4/target/classes/org/junit/experimental/max/CouldNotReadCoreException.class]
[checking org.junit.internal.SerializableValueDescription]
[wrote /Users/cgamboa/git/junit4/target/classes/org/junit/internal/SerializableValueDescription.class]
[checking org.junit.experimental.theories.Theories]
[wrote /Users/cgamboa/git/junit4/target/classes/org/junit/experimental/theories/Theories$TheoryAnchor$1$1.class]
[wrote /Users/cgamboa/git/junit4/target/classes/org/junit/experimental/theories/Theories$TheoryAnchor$1.class]
[wrote /Users/cgamboa/git/junit4/target/classes/org/junit/experimental/theories/Theories$TheoryAnchor$2.class]
[wrote /Users/cgamboa/git/junit4/target/classes/org/junit/experimental/theories/Theories$TheoryAnchor.class]
[wrote /Users/cgamboa/git/junit4/target/classes/org/junit/experimental/theories/Theories.class]
[checking org.junit.internal.AssumptionViolatedException]
[wrote /Users/cgamboa/git/junit4/target/classes/org/junit/internal/AssumptionViolatedException.class]
[checking org.junit.experimental.theories.internal.Assignments]
/Users/cgamboa/git/junit4/src/main/java/org/junit/experimental/theories/internal/Assignments.java:122: warning: [deprecation] newInstance() in Class has been deprecated
        return cls.newInstance();
                  ^
  where T is a type-variable:
    T extends Object declared in class Class
[wrote /Users/cgamboa/git/junit4/target/classes/org/junit/experimental/theories/internal/Assignments.class]
[checking org.junit.runner.RunWith]
[wrote /Users/cgamboa/git/junit4/target/classes/org/junit/runner/RunWith.class]
[checking org.junit.rules.TestWatchman]
[wrote /Users/cgamboa/git/junit4/target/classes/org/junit/rules/TestWatchman$1.class]
[wrote /Users/cgamboa/git/junit4/target/classes/org/junit/rules/TestWatchman.class]
[checking org.junit.ClassRule]
[wrote /Users/cgamboa/git/junit4/target/classes/org/junit/ClassRule.class]
[checking org.junit.internal.management.FakeRuntimeMXBean]
[wrote /Users/cgamboa/git/junit4/target/classes/org/junit/internal/management/FakeRuntimeMXBean.class]
[checking org.junit.experimental.categories.CategoryValidator]
[wrote /Users/cgamboa/git/junit4/target/classes/org/junit/experimental/categories/CategoryValidator.class]
[checking org.junit.internal.runners.model.MultipleFailureException]
[loading /modules/java.base/java/lang/Throwable$PrintStreamOrWriter.class]
[loading /modules/java.base/java/io/Writer.class]
[checking org.junit.runners.model.MultipleFailureException]
[wrote /Users/cgamboa/git/junit4/target/classes/org/junit/internal/runners/model/MultipleFailureException.class]
[wrote /Users/cgamboa/git/junit4/target/classes/org/junit/runners/model/MultipleFailureException.class]
[checking org.junit.internal.runners.statements.FailOnTimeout]
[loading /modules/java.base/java/util/concurrent/RunnableFuture.class]
[loading /modules/java.base/java/lang/Thread$UncaughtExceptionHandler.class]
/Users/cgamboa/git/junit4/src/main/java/org/junit/internal/runners/statements/FailOnTimeout.java:145: warning: [removal] isDaemon() in ThreadGroup has been deprecated and marked for removal
        if (!threadGroup.isDaemon()) {
                        ^
/Users/cgamboa/git/junit4/src/main/java/org/junit/internal/runners/statements/FailOnTimeout.java:151: warning: [removal] setDaemon(boolean) in ThreadGroup has been deprecated and marked for removal
                threadGroup.setDaemon(true);
                           ^
[loading /modules/java.base/java/lang/Thread$State.class]
/Users/cgamboa/git/junit4/src/main/java/org/junit/internal/runners/statements/FailOnTimeout.java:286: warning: [deprecation] getId() in Thread has been deprecated
                return mxBean.getThreadCpuTime(thr.getId());
                                                  ^
[wrote /Users/cgamboa/git/junit4/target/classes/org/junit/internal/runners/statements/FailOnTimeout$Builder.class]
[wrote /Users/cgamboa/git/junit4/target/classes/org/junit/internal/runners/statements/FailOnTimeout$CallableStatement.class]
[wrote /Users/cgamboa/git/junit4/target/classes/org/junit/internal/runners/statements/FailOnTimeout$1.class]
[wrote /Users/cgamboa/git/junit4/target/classes/org/junit/internal/runners/statements/FailOnTimeout.class]
[checking org.junit.experimental.theories.DataPoints]
[wrote /Users/cgamboa/git/junit4/target/classes/org/junit/experimental/theories/DataPoints.class]
[checking org.junit.internal.runners.MethodValidator]
[wrote /Users/cgamboa/git/junit4/target/classes/org/junit/internal/runners/MethodValidator.class]
[checking org.junit.Assert]
[wrote /Users/cgamboa/git/junit4/target/classes/org/junit/Assert.class]
[checking org.junit.rules.ErrorCollector]
[checking org.junit.rules.Verifier]
[wrote /Users/cgamboa/git/junit4/target/classes/org/junit/rules/ErrorCollector$1.class]
[wrote /Users/cgamboa/git/junit4/target/classes/org/junit/rules/ErrorCollector.class]
[wrote /Users/cgamboa/git/junit4/target/classes/org/junit/rules/Verifier$1.class]
[wrote /Users/cgamboa/git/junit4/target/classes/org/junit/rules/Verifier.class]
[checking org.junit.function.ThrowingRunnable]
[wrote /Users/cgamboa/git/junit4/target/classes/org/junit/function/ThrowingRunnable.class]
[checking org.junit.internal.requests.MemoizingRequest]
[wrote /Users/cgamboa/git/junit4/target/classes/org/junit/internal/requests/MemoizingRequest.class]
[checking org.junit.validator.AnnotationValidatorFactory]
/Users/cgamboa/git/junit4/src/main/java/org/junit/validator/AnnotationValidatorFactory.java:31: warning: [deprecation] newInstance() in Class has been deprecated
            AnnotationValidator annotationValidator = clazz.newInstance();
                                                           ^
  where T is a type-variable:
    T extends Object declared in class Class
[wrote /Users/cgamboa/git/junit4/target/classes/org/junit/validator/AnnotationValidatorFactory.class]
[checking org.junit.experimental.theories.DataPoint]
[wrote /Users/cgamboa/git/junit4/target/classes/org/junit/experimental/theories/DataPoint.class]
[checking org.junit.experimental.theories.internal.EnumSupplier]
[wrote /Users/cgamboa/git/junit4/target/classes/org/junit/experimental/theories/internal/EnumSupplier.class]
[checking org.junit.experimental.categories.Category]
[wrote /Users/cgamboa/git/junit4/target/classes/org/junit/experimental/categories/Category.class]
[checking org.junit.rules.Timeout]
[wrote /Users/cgamboa/git/junit4/target/classes/org/junit/rules/Timeout$1.class]
[wrote /Users/cgamboa/git/junit4/target/classes/org/junit/rules/Timeout$Builder.class]
[wrote /Users/cgamboa/git/junit4/target/classes/org/junit/rules/Timeout.class]
[checking org.junit.runners.model.NoGenericTypeParametersValidator]
[wrote /Users/cgamboa/git/junit4/target/classes/org/junit/runners/model/NoGenericTypeParametersValidator.class]
[checking org.junit.experimental.categories.IncludeCategories]
[wrote /Users/cgamboa/git/junit4/target/classes/org/junit/experimental/categories/IncludeCategories$IncludesAny.class]
[wrote /Users/cgamboa/git/junit4/target/classes/org/junit/experimental/categories/IncludeCategories.class]
[checking org.junit.internal.matchers.StacktracePrintingMatcher]
[wrote /Users/cgamboa/git/junit4/target/classes/org/junit/internal/matchers/StacktracePrintingMatcher.class]
[checking org.junit.runner.manipulation.Alphanumeric]
[wrote /Users/cgamboa/git/junit4/target/classes/org/junit/runner/manipulation/Alphanumeric$1.class]
[wrote /Users/cgamboa/git/junit4/target/classes/org/junit/runner/manipulation/Alphanumeric.class]
[checking org.junit.internal.runners.SuiteMethod]
[wrote /Users/cgamboa/git/junit4/target/classes/org/junit/internal/runners/SuiteMethod.class]
[checking org.junit.experimental.theories.Theory]
[wrote /Users/cgamboa/git/junit4/target/classes/org/junit/experimental/theories/Theory.class]
[checking org.junit.rules.RuleChain]
[wrote /Users/cgamboa/git/junit4/target/classes/org/junit/rules/RuleChain.class]
[checking org.junit.rules.DisableOnDebug]
[wrote /Users/cgamboa/git/junit4/target/classes/org/junit/rules/DisableOnDebug.class]
[checking org.junit.internal.builders.AllDefaultPossibilitiesBuilder]
[wrote /Users/cgamboa/git/junit4/target/classes/org/junit/internal/builders/AllDefaultPossibilitiesBuilder.class]
[checking org.junit.internal.builders.JUnit4Builder]
[wrote /Users/cgamboa/git/junit4/target/classes/org/junit/internal/builders/JUnit4Builder.class]
[checking org.junit.internal.builders.JUnit3Builder]
[wrote /Users/cgamboa/git/junit4/target/classes/org/junit/internal/builders/JUnit3Builder.class]
[checking org.junit.internal.builders.AnnotatedBuilder]
[wrote /Users/cgamboa/git/junit4/target/classes/org/junit/internal/builders/AnnotatedBuilder.class]
[checking org.junit.experimental.runners.Enclosed]
[wrote /Users/cgamboa/git/junit4/target/classes/org/junit/experimental/runners/Enclosed.class]
[checking org.junit.runner.OrderWithValidator]
[wrote /Users/cgamboa/git/junit4/target/classes/org/junit/runner/OrderWithValidator.class]
[checking org.junit.runner.OrderWith]
[wrote /Users/cgamboa/git/junit4/target/classes/org/junit/runner/OrderWith.class]
[checking org.junit.internal.management.ReflectiveRuntimeMXBean]
[wrote /Users/cgamboa/git/junit4/target/classes/org/junit/internal/management/ReflectiveRuntimeMXBean$Holder.class]
[wrote /Users/cgamboa/git/junit4/target/classes/org/junit/internal/management/ReflectiveRuntimeMXBean.class]
[checking org.junit.Before]
[wrote /Users/cgamboa/git/junit4/target/classes/org/junit/Before.class]
[checking org.junit.internal.InexactComparisonCriteria]
[wrote /Users/cgamboa/git/junit4/target/classes/org/junit/internal/InexactComparisonCriteria.class]
[checking org.junit.runners.parameterized.BlockJUnit4ClassRunnerWithParametersFactory]
[wrote /Users/cgamboa/git/junit4/target/classes/org/junit/runners/parameterized/BlockJUnit4ClassRunnerWithParametersFactory.class]
[checking org.junit.validator.AnnotationsValidator]
[wrote /Users/cgamboa/git/junit4/target/classes/org/junit/validator/AnnotationsValidator$AnnotatableValidator.class]
[wrote /Users/cgamboa/git/junit4/target/classes/org/junit/validator/AnnotationsValidator$ClassValidator.class]
[wrote /Users/cgamboa/git/junit4/target/classes/org/junit/validator/AnnotationsValidator$MethodValidator.class]
[wrote /Users/cgamboa/git/junit4/target/classes/org/junit/validator/AnnotationsValidator$FieldValidator.class]
[wrote /Users/cgamboa/git/junit4/target/classes/org/junit/validator/AnnotationsValidator$1.class]
[wrote /Users/cgamboa/git/junit4/target/classes/org/junit/validator/AnnotationsValidator.class]
[checking org.junit.runner.JUnitCommandLineParseResult]
[wrote /Users/cgamboa/git/junit4/target/classes/org/junit/runner/JUnitCommandLineParseResult$CommandLineParserError.class]
[wrote /Users/cgamboa/git/junit4/target/classes/org/junit/runner/JUnitCommandLineParseResult.class]
[checking org.junit.internal.runners.rules.ValidationError]
[wrote /Users/cgamboa/git/junit4/target/classes/org/junit/internal/runners/rules/ValidationError.class]
[checking org.junit.internal.matchers.ThrowableCauseMatcher]
[wrote /Users/cgamboa/git/junit4/target/classes/org/junit/internal/matchers/ThrowableCauseMatcher.class]
[checking junit.framework.ComparisonFailure]
[wrote /Users/cgamboa/git/junit4/target/classes/junit/framework/ComparisonFailure.class]
[checking org.junit.runner.notification.SynchronizedRunListener]
[wrote /Users/cgamboa/git/junit4/target/classes/org/junit/runner/notification/SynchronizedRunListener.class]
[checking org.junit.validator.PublicClassValidator]
[wrote /Users/cgamboa/git/junit4/target/classes/org/junit/validator/PublicClassValidator.class]
[checking org.junit.internal.Classes]
[wrote /Users/cgamboa/git/junit4/target/classes/org/junit/internal/Classes.class]
[checking org.junit.internal.TextListener]
[wrote /Users/cgamboa/git/junit4/target/classes/org/junit/internal/TextListener.class]
[checking org.junit.experimental.theories.FromDataPoints]
[wrote /Users/cgamboa/git/junit4/target/classes/org/junit/experimental/theories/FromDataPoints.class]
[checking org.junit.experimental.theories.internal.SpecificDataPointsSupplier]
[checking org.junit.experimental.theories.internal.AllMembersSupplier]
[wrote /Users/cgamboa/git/junit4/target/classes/org/junit/experimental/theories/internal/SpecificDataPointsSupplier.class]
[wrote /Users/cgamboa/git/junit4/target/classes/org/junit/experimental/theories/internal/AllMembersSupplier$MethodParameterValue.class]
[wrote /Users/cgamboa/git/junit4/target/classes/org/junit/experimental/theories/internal/AllMembersSupplier$1.class]
[wrote /Users/cgamboa/git/junit4/target/classes/org/junit/experimental/theories/internal/AllMembersSupplier.class]
[checking org.junit.internal.requests.OrderingRequest]
[wrote /Users/cgamboa/git/junit4/target/classes/org/junit/internal/requests/OrderingRequest.class]
[checking org.junit.ComparisonFailure]
[wrote /Users/cgamboa/git/junit4/target/classes/org/junit/ComparisonFailure$ComparisonCompactor$DiffExtractor.class]
[wrote /Users/cgamboa/git/junit4/target/classes/org/junit/ComparisonFailure$ComparisonCompactor.class]
[wrote /Users/cgamboa/git/junit4/target/classes/org/junit/ComparisonFailure$1.class]
[wrote /Users/cgamboa/git/junit4/target/classes/org/junit/ComparisonFailure.class]
[checking org.junit.Ignore]
[wrote /Users/cgamboa/git/junit4/target/classes/org/junit/Ignore.class]
[checking org.junit.internal.runners.model.EachTestNotifier]
[wrote /Users/cgamboa/git/junit4/target/classes/org/junit/internal/runners/model/EachTestNotifier.class]
[checking org.junit.rules.ExternalResource]
[wrote /Users/cgamboa/git/junit4/target/classes/org/junit/rules/ExternalResource$1.class]
[wrote /Users/cgamboa/git/junit4/target/classes/org/junit/rules/ExternalResource.class]
[checking org.junit.After]
[wrote /Users/cgamboa/git/junit4/target/classes/org/junit/After.class]
[checking org.junit.internal.builders.SuiteMethodBuilder]
[wrote /Users/cgamboa/git/junit4/target/classes/org/junit/internal/builders/SuiteMethodBuilder.class]
[checking org.junit.experimental.results.ResultMatchers]
[wrote /Users/cgamboa/git/junit4/target/classes/org/junit/experimental/results/ResultMatchers$1.class]
[wrote /Users/cgamboa/git/junit4/target/classes/org/junit/experimental/results/ResultMatchers$2.class]
[wrote /Users/cgamboa/git/junit4/target/classes/org/junit/experimental/results/ResultMatchers$3.class]
[wrote /Users/cgamboa/git/junit4/target/classes/org/junit/experimental/results/ResultMatchers$4.class]
[wrote /Users/cgamboa/git/junit4/target/classes/org/junit/experimental/results/ResultMatchers.class]
[checking org.junit.experimental.results.PrintableResult]
[wrote /Users/cgamboa/git/junit4/target/classes/org/junit/experimental/results/PrintableResult.class]
[checking org.junit.BeforeClass]
[wrote /Users/cgamboa/git/junit4/target/classes/org/junit/BeforeClass.class]
[checking org.junit.internal.Throwables]
[loading /modules/java.base/java/io/Reader.class]
[loading /modules/java.base/java/lang/Readable.class]
[loading /modules/java.base/java/util/ListIterator.class]
[loading /modules/java.base/java/util/Spliterator.class]
[wrote /Users/cgamboa/git/junit4/target/classes/org/junit/internal/Throwables$1.class]
[wrote /Users/cgamboa/git/junit4/target/classes/org/junit/internal/Throwables$State$1.class]
[wrote /Users/cgamboa/git/junit4/target/classes/org/junit/internal/Throwables$State$2.class]
[wrote /Users/cgamboa/git/junit4/target/classes/org/junit/internal/Throwables$State$3.class]
[wrote /Users/cgamboa/git/junit4/target/classes/org/junit/internal/Throwables$State$4.class]
[wrote /Users/cgamboa/git/junit4/target/classes/org/junit/internal/Throwables$State.class]
[wrote /Users/cgamboa/git/junit4/target/classes/org/junit/internal/Throwables.class]
[checking org.junit.internal.matchers.ThrowableMessageMatcher]
[wrote /Users/cgamboa/git/junit4/target/classes/org/junit/internal/matchers/ThrowableMessageMatcher.class]
[checking org.junit.Rule]
[wrote /Users/cgamboa/git/junit4/target/classes/org/junit/Rule.class]
[checking org.junit.internal.requests.ClassRequest]
[wrote /Users/cgamboa/git/junit4/target/classes/org/junit/internal/requests/ClassRequest$CustomAllDefaultPossibilitiesBuilder.class]
[wrote /Users/cgamboa/git/junit4/target/classes/org/junit/internal/requests/ClassRequest$CustomSuiteMethodBuilder.class]
[wrote /Users/cgamboa/git/junit4/target/classes/org/junit/internal/requests/ClassRequest$1.class]
[wrote /Users/cgamboa/git/junit4/target/classes/org/junit/internal/requests/ClassRequest.class]
[checking junit.textui.ResultPrinter]
[wrote /Users/cgamboa/git/junit4/target/classes/junit/textui/ResultPrinter.class]
[checking org.junit.internal.runners.MethodRoadie]
[wrote /Users/cgamboa/git/junit4/target/classes/org/junit/internal/runners/MethodRoadie$1$1.class]
[wrote /Users/cgamboa/git/junit4/target/classes/org/junit/internal/runners/MethodRoadie$1.class]
[wrote /Users/cgamboa/git/junit4/target/classes/org/junit/internal/runners/MethodRoadie$2.class]
[wrote /Users/cgamboa/git/junit4/target/classes/org/junit/internal/runners/MethodRoadie.class]
[checking org.junit.runners.JUnit4]
[wrote /Users/cgamboa/git/junit4/target/classes/org/junit/runners/JUnit4.class]
[checking org.junit.internal.runners.statements.Fail]
[wrote /Users/cgamboa/git/junit4/target/classes/org/junit/internal/runners/statements/Fail.class]
[checking org.junit.internal.runners.statements.ExpectException]
[wrote /Users/cgamboa/git/junit4/target/classes/org/junit/internal/runners/statements/ExpectException.class]
[checking org.junit.internal.builders.IgnoredClassRunner]
[wrote /Users/cgamboa/git/junit4/target/classes/org/junit/internal/builders/IgnoredClassRunner.class]
[checking org.junit.internal.matchers.TypeSafeMatcher]
[wrote /Users/cgamboa/git/junit4/target/classes/org/junit/internal/matchers/TypeSafeMatcher.class]
[checking org.junit.runners.AllTests]
[wrote /Users/cgamboa/git/junit4/target/classes/org/junit/runners/AllTests.class]
[checking org.junit.rules.ExpectedException]
[wrote /Users/cgamboa/git/junit4/target/classes/org/junit/rules/ExpectedException$ExpectedExceptionStatement.class]
[wrote /Users/cgamboa/git/junit4/target/classes/org/junit/rules/ExpectedException.class]
[checking org.junit.rules.TestName]
[checking org.junit.rules.TestWatcher]
[wrote /Users/cgamboa/git/junit4/target/classes/org/junit/rules/TestName.class]
[wrote /Users/cgamboa/git/junit4/target/classes/org/junit/rules/TestWatcher$1.class]
[wrote /Users/cgamboa/git/junit4/target/classes/org/junit/rules/TestWatcher.class]
[checking org.junit.AssumptionViolatedException]
[wrote /Users/cgamboa/git/junit4/target/classes/org/junit/AssumptionViolatedException.class]
[checking org.junit.rules.Stopwatch]
[wrote /Users/cgamboa/git/junit4/target/classes/org/junit/rules/Stopwatch$InternalWatcher.class]
[wrote /Users/cgamboa/git/junit4/target/classes/org/junit/rules/Stopwatch$Clock.class]
[wrote /Users/cgamboa/git/junit4/target/classes/org/junit/rules/Stopwatch$1.class]
[wrote /Users/cgamboa/git/junit4/target/classes/org/junit/rules/Stopwatch.class]
[checking org.junit.experimental.theories.internal.ParameterizedAssertionError]
[wrote /Users/cgamboa/git/junit4/target/classes/org/junit/experimental/theories/internal/ParameterizedAssertionError.class]
[checking org.junit.TestCouldNotBeSkippedException]
[wrote /Users/cgamboa/git/junit4/target/classes/org/junit/TestCouldNotBeSkippedException.class]
[checking org.junit.internal.management.ReflectiveThreadMXBean]
[wrote /Users/cgamboa/git/junit4/target/classes/org/junit/internal/management/ReflectiveThreadMXBean$Holder.class]
[wrote /Users/cgamboa/git/junit4/target/classes/org/junit/internal/management/ReflectiveThreadMXBean.class]
[checking junit.runner.BaseTestRunner]
[loading /modules/java.base/java/util/Hashtable.class]
[loading /modules/java.base/java/util/Dictionary.class]
[loading /modules/java.base/java/lang/NumberFormatException.class]
[wrote /Users/cgamboa/git/junit4/target/classes/junit/runner/BaseTestRunner.class]
[checking org.junit.internal.builders.NullBuilder]
[wrote /Users/cgamboa/git/junit4/target/classes/org/junit/internal/builders/NullBuilder.class]
[checking junit.framework.JUnit4TestCaseFacade]
[wrote /Users/cgamboa/git/junit4/target/classes/junit/framework/JUnit4TestCaseFacade.class]
[checking junit.textui.TestRunner]
[wrote /Users/cgamboa/git/junit4/target/classes/junit/textui/TestRunner.class]
[checking org.junit.runners.model.TestTimedOutException]
[wrote /Users/cgamboa/git/junit4/target/classes/org/junit/runners/model/TestTimedOutException.class]
[checking org.junit.internal.ExactComparisonCriteria]
[wrote /Users/cgamboa/git/junit4/target/classes/org/junit/internal/ExactComparisonCriteria.class]
[checking org.junit.rules.TemporaryFolder]
[loading /modules/java.base/java/lang/NegativeArraySizeException.class]
[wrote /Users/cgamboa/git/junit4/target/classes/org/junit/rules/TemporaryFolder$Builder.class]
[wrote /Users/cgamboa/git/junit4/target/classes/org/junit/rules/TemporaryFolder.class]
[checking junit.extensions.ActiveTestSuite]
[wrote /Users/cgamboa/git/junit4/target/classes/junit/extensions/ActiveTestSuite$1.class]
[wrote /Users/cgamboa/git/junit4/target/classes/junit/extensions/ActiveTestSuite.class]
[total 1041ms]
Note: /Users/cgamboa/git/junit4/src/main/java/org/junit/matchers/JUnitMatchers.java uses unchecked or unsafe operations.
Note: Recompile with -Xlint:unchecked for details.
12 warnings
